{"total": {"lines":{"total":191,"covered":180,"skipped":0,"pct":94.24},"statements":{"total":215,"covered":203,"skipped":0,"pct":94.41},"functions":{"total":83,"covered":77,"skipped":0,"pct":92.77},"branches":{"total":218,"covered":197,"skipped":0,"pct":90.36},"branchesTrue":{"total":0,"covered":0,"skipped":0,"pct":100}}
,"/workspace/scratch/9802111082ca/se411-part1/src/App.jsx": {"lines":{"total":80,"covered":71,"skipped":0,"pct":88.75},"functions":{"total":44,"covered":38,"skipped":0,"pct":86.36},"statements":{"total":84,"covered":75,"skipped":0,"pct":89.28},"branches":{"total":80,"covered":68,"skipped":0,"pct":85}}
,"/workspace/scratch/9802111082ca/se411-part1/src/components/AssetForm.jsx": {"lines":{"total":26,"covered":24,"skipped":0,"pct":92.3},"functions":{"total":9,"covered":9,"skipped":0,"pct":100},"statements":{"total":30,"covered":27,"skipped":0,"pct":90},"branches":{"total":40,"covered":35,"skipped":0,"pct":87.5}}
,"/workspace/scratch/9802111082ca/se411-part1/src/components/AssetTable.jsx": {"lines":{"total":5,"covered":5,"skipped":0,"pct":100},"functions":{"total":5,"covered":5,"skipped":0,"pct":100},"statements":{"total":5,"covered":5,"skipped":0,"pct":100},"branches":{"total":8,"covered":8,"skipped":0,"pct":100}}
,"/workspace/scratch/9802111082ca/se411-part1/src/components/Modal.jsx": {"lines":{"total":12,"covered":12,"skipped":0,"pct":100},"functions":{"total":4,"covered":4,"skipped":0,"pct":100},"statements":{"total":13,"covered":13,"skipped":0,"pct":100},"branches":{"total":4,"covered":4,"skipped":0,"pct":100}}
,"/workspace/scratch/9802111082ca/se411-part1/src/components/StatusBadge.jsx": {"lines":{"total":1,"covered":1,"skipped":0,"pct":100},"functions":{"total":1,"covered":1,"skipped":0,"pct":100},"statements":{"total":1,"covered":1,"skipped":0,"pct":100},"branches":{"total":0,"covered":0,"skipped":0,"pct":100}}
,"/workspace/scratch/9802111082ca/se411-part1/src/domain/assets.js": {"lines":{"total":67,"covered":67,"skipped":0,"pct":100},"functions":{"total":20,"covered":20,"skipped":0,"pct":100},"statements":{"total":82,"covered":82,"skipped":0,"pct":100},"branches":{"total":86,"covered":82,"skipped":0,"pct":95.34}}
}
