{"numTotalTestSuites":6,"numPassedTestSuites":6,"numFailedTestSuites":0,"numPendingTestSuites":0,"numTotalTests":62,"numPassedTests":62,"numFailedTests":0,"numPendingTests":0,"numTodoTests":0,"snapshot":{"added":0,"failure":false,"filesAdded":0,"filesRemoved":0,"filesRemovedList":[],"filesUnmatched":0,"filesUpdated":0,"matched":0,"total":0,"unchecked":0,"uncheckedKeysByFile":[],"unmatched":0,"updated":0,"didUpdate":false},"startTime":1789120384823,"success":true,"testResults":[{"assertionResults":[{"ancestorTitles":["FleetDesk user workflows"],"fullName":"FleetDesk user workflows displays the seeded inventory and session lifetime","status":"passed","title":"displays the seeded inventory and session lifetime","duration":302.88519599999995,"failureMessages":[],"meta":{},"tags":[],"benchmarks":[]},{"ancestorTitles":["FleetDesk user workflows"],"fullName":"FleetDesk user workflows navigates to overview and the required team page","status":"passed","title":"navigates to overview and the required team page","duration":234.96233699999993,"failureMessages":[],"meta":{},"tags":[],"benchmarks":[]},{"ancestorTitles":["FleetDesk user workflows"],"fullName":"FleetDesk user workflows adds a valid computer, displays success and retains it across navigation","status":"passed","title":"adds a valid computer, displays success and retains it across navigation","duration":1037.992998,"failureMessages":[],"meta":{},"tags":[],"benchmarks":[]},{"ancestorTitles":["FleetDesk user workflows"],"fullName":"FleetDesk user workflows shows field errors and focuses the first invalid field on an empty submission","status":"passed","title":"shows field errors and focuses the first invalid field on an empty submission","duration":199.8892740000001,"failureMessages":[],"meta":{},"tags":[],"benchmarks":[]},{"ancestorTitles":["FleetDesk user workflows"],"fullName":"FleetDesk user workflows prevents a duplicate asset tag during editing","status":"passed","title":"prevents a duplicate asset tag during editing","duration":266.42273699999987,"failureMessages":[],"meta":{},"tags":[],"benchmarks":[]},{"ancestorTitles":["FleetDesk user workflows"],"fullName":"FleetDesk user workflows edits a computer and immediately updates the inventory","status":"passed","title":"edits a computer and immediately updates the inventory","duration":514.120606,"failureMessages":[],"meta":{},"tags":[],"benchmarks":[]},{"ancestorTitles":["FleetDesk user workflows"],"fullName":"FleetDesk user workflows requires an assignee when the status is Assigned","status":"passed","title":"requires an assignee when the status is Assigned","duration":715.65022,"failureMessages":[],"meta":{},"tags":[],"benchmarks":[]},{"ancestorTitles":["FleetDesk user workflows"],"fullName":"FleetDesk user workflows cancels and then confirms deletion of the selected computer","status":"passed","title":"cancels and then confirms deletion of the selected computer","duration":704.4924189999992,"failureMessages":[],"meta":{},"tags":[],"benchmarks":[]},{"ancestorTitles":["FleetDesk user workflows"],"fullName":"FleetDesk user workflows shows full details and opens edit from the details dialog","status":"passed","title":"shows full details and opens edit from the details dialog","duration":200.04040799999984,"failureMessages":[],"meta":{},"tags":[],"benchmarks":[]},{"ancestorTitles":["FleetDesk user workflows"],"fullName":"FleetDesk user workflows handles native dialog cancel and restores focus to the trigger","status":"passed","title":"handles native dialog cancel and restores focus to the trigger","duration":167.68471799999952,"failureMessages":[],"meta":{},"tags":[],"benchmarks":[]},{"ancestorTitles":["FleetDesk user workflows"],"fullName":"FleetDesk user workflows combines search and filters and recovers from no matching results","status":"passed","title":"combines search and filters and recovers from no matching results","duration":360.12802100000044,"failureMessages":[],"meta":{},"tags":[],"benchmarks":[]},{"ancestorTitles":["FleetDesk user workflows"],"fullName":"FleetDesk user workflows sorts the table by highest cost","status":"passed","title":"sorts the table by highest cost","duration":96.48999400000048,"failureMessages":[],"meta":{},"tags":[],"benchmarks":[]},{"ancestorTitles":["FleetDesk user workflows"],"fullName":"FleetDesk user workflows cancels an edit without changing the original record","status":"passed","title":"cancels an edit without changing the original record","duration":357.7604419999998,"failureMessages":[],"meta":{},"tags":[],"benchmarks":[]},{"ancestorTitles":["FleetDesk user workflows"],"fullName":"FleetDesk user workflows renders entered markup as text rather than executable HTML","status":"passed","title":"renders entered markup as text rather than executable HTML","duration":796.5241120000001,"failureMessages":[],"meta":{},"tags":[],"benchmarks":[]},{"ancestorTitles":["FleetDesk user workflows"],"fullName":"FleetDesk user workflows starts from the sample objects again when the application is remounted","status":"passed","title":"starts from the sample objects again when the application is remounted","duration":420.16495099999975,"failureMessages":[],"meta":{},"tags":[],"benchmarks":[]},{"ancestorTitles":["FleetDesk user workflows"],"fullName":"FleetDesk user workflows moves skip-link focus without changing the current route","status":"passed","title":"moves skip-link focus without changing the current route","duration":112.35756800000036,"failureMessages":[],"meta":{},"tags":[],"benchmarks":[]}],"startTime":1789120385980,"endTime":1789120392468.3577,"status":"passed","message":"","name":"/workspace/scratch/9802111082ca/se411-part1/tests/App.test.jsx"},{"assertionResults":[{"ancestorTitles":["Computer record validation"],"fullName":"Computer record validation accepts every supplied demonstration record","status":"passed","title":"accepts every supplied demonstration record","duration":12.388119000000074,"failureMessages":[],"meta":{},"tags":[],"benchmarks":[]},{"ancestorTitles":["Computer record validation"],"fullName":"Computer record validation accepts a valid new computer","status":"passed","title":"accepts a valid new computer","duration":0.6364750000000186,"failureMessages":[],"meta":{},"tags":[],"benchmarks":[]},{"ancestorTitles":["Computer record validation"],"fullName":"Computer record validation requires tag after trimming whitespace","status":"passed","title":"requires tag after trimming whitespace","duration":0.528652999999963,"failureMessages":[],"meta":{},"tags":[],"benchmarks":[]},{"ancestorTitles":["Computer record validation"],"fullName":"Computer record validation requires name after trimming whitespace","status":"passed","title":"requires name after trimming whitespace","duration":0.24094100000002072,"failureMessages":[],"meta":{},"tags":[],"benchmarks":[]},{"ancestorTitles":["Computer record validation"],"fullName":"Computer record validation requires serial after trimming whitespace","status":"passed","title":"requires serial after trimming whitespace","duration":0.23512200000004668,"failureMessages":[],"meta":{},"tags":[],"benchmarks":[]},{"ancestorTitles":["Computer record validation"],"fullName":"Computer record validation requires location after trimming whitespace","status":"passed","title":"requires location after trimming whitespace","duration":0.19473200000004454,"failureMessages":[],"meta":{},"tags":[],"benchmarks":[]},{"ancestorTitles":["Computer record validation"],"fullName":"Computer record validation requires purchaseDate after trimming whitespace","status":"passed","title":"requires purchaseDate after trimming whitespace","duration":0.21222899999997935,"failureMessages":[],"meta":{},"tags":[],"benchmarks":[]},{"ancestorTitles":["Computer record validation"],"fullName":"Computer record validation rejects duplicate tags irrespective of whitespace or letter case","status":"passed","title":"rejects duplicate tags irrespective of whitespace or letter case","duration":0.2654579999999669,"failureMessages":[],"meta":{},"tags":[],"benchmarks":[]},{"ancestorTitles":["Computer record validation"],"fullName":"Computer record validation rejects duplicate serials irrespective of letter case","status":"passed","title":"rejects duplicate serials irrespective of letter case","duration":0.30520800000010695,"failureMessages":[],"meta":{},"tags":[],"benchmarks":[]},{"ancestorTitles":["Computer record validation"],"fullName":"Computer record validation permits unchanged identifiers when editing the same record","status":"passed","title":"permits unchanged identifiers when editing the same record","duration":0.20272399999998925,"failureMessages":[],"meta":{},"tags":[],"benchmarks":[]},{"ancestorTitles":["Computer record validation"],"fullName":"Computer record validation rejects invalid purchase cost ","status":"passed","title":"rejects invalid purchase cost ","duration":0.24345499999992626,"failureMessages":[],"meta":{},"tags":[],"benchmarks":[]},{"ancestorTitles":["Computer record validation"],"fullName":"Computer record validation rejects invalid purchase cost -1","status":"passed","title":"rejects invalid purchase cost -1","duration":0.19554300000004332,"failureMessages":[],"meta":{},"tags":[],"benchmarks":[]},{"ancestorTitles":["Computer record validation"],"fullName":"Computer record validation rejects invalid purchase cost NaN","status":"passed","title":"rejects invalid purchase cost NaN","duration":0.13960899999995036,"failureMessages":[],"meta":{},"tags":[],"benchmarks":[]},{"ancestorTitles":["Computer record validation"],"fullName":"Computer record validation rejects invalid purchase cost Infinity","status":"passed","title":"rejects invalid purchase cost Infinity","duration":0.16899399999999787,"failureMessages":[],"meta":{},"tags":[],"benchmarks":[]},{"ancestorTitles":["Computer record validation"],"fullName":"Computer record validation rejects invalid purchase cost 1000000.01","status":"passed","title":"rejects invalid purchase cost 1000000.01","duration":0.15070600000001377,"failureMessages":[],"meta":{},"tags":[],"benchmarks":[]},{"ancestorTitles":["Computer record validation"],"fullName":"Computer record validation rejects invalid purchase cost 1.234","status":"passed","title":"rejects invalid purchase cost 1.234","duration":0.1353230000000849,"failureMessages":[],"meta":{},"tags":[],"benchmarks":[]},{"ancestorTitles":["Computer record validation"],"fullName":"Computer record validation rejects invalid purchase cost 1e4","status":"passed","title":"rejects invalid purchase cost 1e4","duration":0.11696599999993396,"failureMessages":[],"meta":{},"tags":[],"benchmarks":[]},{"ancestorTitles":["Computer record validation"],"fullName":"Computer record validation rejects invalid purchase cost 0x10","status":"passed","title":"rejects invalid purchase cost 0x10","duration":0.11378100000001723,"failureMessages":[],"meta":{},"tags":[],"benchmarks":[]},{"ancestorTitles":["Computer record validation"],"fullName":"Computer record validation accepts valid cost boundary 0","status":"passed","title":"accepts valid cost boundary 0","duration":0.24718099999995502,"failureMessages":[],"meta":{},"tags":[],"benchmarks":[]},{"ancestorTitles":["Computer record validation"],"fullName":"Computer record validation accepts valid cost boundary 0.01","status":"passed","title":"accepts valid cost boundary 0.01","duration":0.17352100000005066,"failureMessages":[],"meta":{},"tags":[],"benchmarks":[]},{"ancestorTitles":["Computer record validation"],"fullName":"Computer record validation accepts valid cost boundary 1000000","status":"passed","title":"accepts valid cost boundary 1000000","duration":0.1202810000000909,"failureMessages":[],"meta":{},"tags":[],"benchmarks":[]},{"ancestorTitles":["Computer record validation"],"fullName":"Computer record validation rejects invalid or future date 2026-02-30","status":"passed","title":"rejects invalid or future date 2026-02-30","duration":0.22849299999995765,"failureMessages":[],"meta":{},"tags":[],"benchmarks":[]},{"ancestorTitles":["Computer record validation"],"fullName":"Computer record validation rejects invalid or future date not-a-date","status":"passed","title":"rejects invalid or future date not-a-date","duration":0.1792089999999007,"failureMessages":[],"meta":{},"tags":[],"benchmarks":[]},{"ancestorTitles":["Computer record validation"],"fullName":"Computer record validation rejects invalid or future date 2099-01-01","status":"passed","title":"rejects invalid or future date 2099-01-01","duration":0.12662000000000262,"failureMessages":[],"meta":{},"tags":[],"benchmarks":[]},{"ancestorTitles":["Computer record validation"],"fullName":"Computer record validation requires an assignee for an assigned computer","status":"passed","title":"requires an assignee for an assigned computer","duration":0.16628900000000613,"failureMessages":[],"meta":{},"tags":[],"benchmarks":[]},{"ancestorTitles":["Computer record validation"],"fullName":"Computer record validation does not permit assignees for Available computers","status":"passed","title":"does not permit assignees for Available computers","duration":0.20240400000000136,"failureMessages":[],"meta":{},"tags":[],"benchmarks":[]},{"ancestorTitles":["Computer record validation"],"fullName":"Computer record validation does not permit assignees for Retired computers","status":"passed","title":"does not permit assignees for Retired computers","duration":0.12250400000004902,"failureMessages":[],"meta":{},"tags":[],"benchmarks":[]},{"ancestorTitles":["Computer record validation"],"fullName":"Computer record validation rejects an unsupported type","status":"passed","title":"rejects an unsupported type","duration":0.16293500000006134,"failureMessages":[],"meta":{},"tags":[],"benchmarks":[]},{"ancestorTitles":["Computer record validation"],"fullName":"Computer record validation rejects an unsupported status","status":"passed","title":"rejects an unsupported status","duration":0.12616899999989073,"failureMessages":[],"meta":{},"tags":[],"benchmarks":[]},{"ancestorTitles":["Computer record validation"],"fullName":"Computer record validation rejects an unsupported department","status":"passed","title":"rejects an unsupported department","duration":0.1214629999999488,"failureMessages":[],"meta":{},"tags":[],"benchmarks":[]},{"ancestorTitles":["Computer record validation"],"fullName":"Computer record validation rejects an unsafe asset tag format and oversized notes","status":"passed","title":"rejects an unsafe asset tag format and oversized notes","duration":0.18629999999996016,"failureMessages":[],"meta":{},"tags":[],"benchmarks":[]},{"ancestorTitles":["Immutable create, update and delete operations"],"fullName":"Immutable create, update and delete operations adds and normalizes a record with an independent unique identity","status":"passed","title":"adds and normalizes a record with an independent unique identity","duration":2.1573779999999942,"failureMessages":[],"meta":{},"tags":[],"benchmarks":[]},{"ancestorTitles":["Immutable create, update and delete operations"],"fullName":"Immutable create, update and delete operations enforces validation at the data operation boundary","status":"passed","title":"enforces validation at the data operation boundary","duration":0.4165649999999914,"failureMessages":[],"meta":{},"tags":[],"benchmarks":[]},{"ancestorTitles":["Immutable create, update and delete operations"],"fullName":"Immutable create, update and delete operations updates only the requested record while keeping its identity","status":"passed","title":"updates only the requested record while keeping its identity","duration":0.8862400000000434,"failureMessages":[],"meta":{},"tags":[],"benchmarks":[]},{"ancestorTitles":["Immutable create, update and delete operations"],"fullName":"Immutable create, update and delete operations rejects a duplicate tag during editing","status":"passed","title":"rejects a duplicate tag during editing","duration":0.262032999999974,"failureMessages":[],"meta":{},"tags":[],"benchmarks":[]},{"ancestorTitles":["Immutable create, update and delete operations"],"fullName":"Immutable create, update and delete operations deletes only the selected computer without changing the source array","status":"passed","title":"deletes only the selected computer without changing the source array","duration":0.3778069999999616,"failureMessages":[],"meta":{},"tags":[],"benchmarks":[]},{"ancestorTitles":["Immutable create, update and delete operations"],"fullName":"Immutable create, update and delete operations rejects missing records on edit and delete","status":"passed","title":"rejects missing records on edit and delete","duration":0.8642269999999144,"failureMessages":[],"meta":{},"tags":[],"benchmarks":[]},{"ancestorTitles":["Search, filtering, sorting and summary"],"fullName":"Search, filtering, sorting and summary searches multiple words across name and department irrespective of case","status":"passed","title":"searches multiple words across name and department irrespective of case","duration":0.4237759999999753,"failureMessages":[],"meta":{},"tags":[],"benchmarks":[]},{"ancestorTitles":["Search, filtering, sorting and summary"],"fullName":"Search, filtering, sorting and summary searches serial numbers and notes","status":"passed","title":"searches serial numbers and notes","duration":0.44622900000001664,"failureMessages":[],"meta":{},"tags":[],"benchmarks":[]},{"ancestorTitles":["Search, filtering, sorting and summary"],"fullName":"Search, filtering, sorting and summary combines search, status and department filters","status":"passed","title":"combines search, status and department filters","duration":6.605752000000052,"failureMessages":[],"meta":{},"tags":[],"benchmarks":[]},{"ancestorTitles":["Search, filtering, sorting and summary"],"fullName":"Search, filtering, sorting and summary returns no records for an unknown search","status":"passed","title":"returns no records for an unknown search","duration":0.2792890000000625,"failureMessages":[],"meta":{},"tags":[],"benchmarks":[]},{"ancestorTitles":["Search, filtering, sorting and summary"],"fullName":"Search, filtering, sorting and summary sorts cost numerically without reordering the original collection","status":"passed","title":"sorts cost numerically without reordering the original collection","duration":0.42689000000007127,"failureMessages":[],"meta":{},"tags":[],"benchmarks":[]},{"ancestorTitles":["Search, filtering, sorting and summary"],"fullName":"Search, filtering, sorting and summary sorts newest purchase first","status":"passed","title":"sorts newest purchase first","duration":0.22018100000002505,"failureMessages":[],"meta":{},"tags":[],"benchmarks":[]},{"ancestorTitles":["Search, filtering, sorting and summary"],"fullName":"Search, filtering, sorting and summary sorts names alphabetically","status":"passed","title":"sorts names alphabetically","duration":0.34956499999998414,"failureMessages":[],"meta":{},"tags":[],"benchmarks":[]},{"ancestorTitles":["Search, filtering, sorting and summary"],"fullName":"Search, filtering, sorting and summary calculates totals and excludes retired computers from the assignment rate","status":"passed","title":"calculates totals and excludes retired computers from the assignment rate","duration":0.4923280000000432,"failureMessages":[],"meta":{},"tags":[],"benchmarks":[]},{"ancestorTitles":["Search, filtering, sorting and summary"],"fullName":"Search, filtering, sorting and summary handles an empty or fully retired collection without dividing by zero","status":"passed","title":"handles an empty or fully retired collection without dividing by zero","duration":0.4280219999999417,"failureMessages":[],"meta":{},"tags":[],"benchmarks":[]}],"startTime":1789120385815,"endTime":1789120385849.428,"status":"passed","message":"","name":"/workspace/scratch/9802111082ca/se411-part1/tests/assets.test.js"}],"coverageMap":{"/workspace/scratch/9802111082ca/se411-part1/src/components/AssetTable.jsx":{"path":"/workspace/scratch/9802111082ca/se411-part1/src/components/AssetTable.jsx","statementMap":{"0":{"start":{"line":6,"column":2},"end":{"line":79,"column":null}},"1":{"start":{"line":25,"column":12},"end":{"line":75,"column":null}},"2":{"start":{"line":34,"column":37},"end":{"line":34,"column":null}},"3":{"start":{"line":61,"column":35},"end":{"line":61,"column":null}},"4":{"start":{"line":69,"column":35},"end":{"line":69,"column":null}}},"fnMap":{"0":{"name":"AssetTable","decl":{"start":{"line":5,"column":24},"end":{"line":5,"column":35}},"loc":{"start":{"line":5,"column":73},"end":{"line":81,"column":null}},"line":5},"1":{"name":"(anonymous_1)","decl":{"start":{"line":24,"column":18},"end":{"line":24,"column":23}},"loc":{"start":{"line":25,"column":12},"end":{"line":75,"column":null}},"line":25},"2":{"name":"(anonymous_2)","decl":{"start":{"line":34,"column":22},"end":{"line":34,"column":37}},"loc":{"start":{"line":34,"column":37},"end":{"line":34,"column":null}},"line":34},"3":{"name":"(anonymous_3)","decl":{"start":{"line":61,"column":20},"end":{"line":61,"column":35}},"loc":{"start":{"line":61,"column":35},"end":{"line":61,"column":null}},"line":61},"4":{"name":"(anonymous_4)","decl":{"start":{"line":69,"column":20},"end":{"line":69,"column":35}},"loc":{"start":{"line":69,"column":35},"end":{"line":69,"column":null}},"line":69}},"branchMap":{"0":{"loc":{"start":{"line":28,"column":49},"end":{"line":28,"column":null}},"type":"cond-expr","locations":[{"start":{"line":28,"column":75},"end":{"line":28,"column":86}},{"start":{"line":28,"column":86},"end":{"line":28,"column":null}}],"line":28},"1":{"loc":{"start":{"line":29,"column":21},"end":{"line":29,"column":null}},"type":"cond-expr","locations":[{"start":{"line":29,"column":47},"end":{"line":29,"column":71}},{"start":{"line":29,"column":70},"end":{"line":29,"column":null}}],"line":29},"2":{"loc":{"start":{"line":50,"column":29},"end":{"line":50,"column":null}},"type":"cond-expr","locations":[{"start":{"line":50,"column":49},"end":{"line":50,"column":59}},{"start":{"line":50,"column":59},"end":{"line":50,"column":null}}],"line":50},"3":{"loc":{"start":{"line":51,"column":17},"end":{"line":51,"column":null}},"type":"binary-expr","locations":[{"start":{"line":51,"column":17},"end":{"line":51,"column":37}},{"start":{"line":51,"column":37},"end":{"line":51,"column":null}}],"line":51}},"s":{"0":44,"1":466,"2":2,"3":3,"4":3},"f":{"0":44,"1":466,"2":2,"3":3,"4":3},"b":{"0":[290,176],"1":[290,176],"2":[163,303],"3":[466,163]},"meta":{"lastBranch":4,"lastFunction":5,"lastStatement":5,"seen":{"f:5:24:5:35":0,"s:6:2:79:Infinity":0,"f:24:18:24:23":1,"s:25:12:75:Infinity":1,"b:28:75:28:86:28:86:28:Infinity":0,"b:29:47:29:71:29:70:29:Infinity":1,"f:34:22:34:37":2,"s:34:37:34:Infinity":2,"b:50:49:50:59:50:59:50:Infinity":2,"b:51:17:51:37:51:37:51:Infinity":3,"f:61:20:61:35":3,"s:61:35:61:Infinity":3,"f:69:20:69:35":4,"s:69:35:69:Infinity":4},"fnNames":{}}},"/workspace/scratch/9802111082ca/se411-part1/src/components/StatusBadge.jsx":{"path":"/workspace/scratch/9802111082ca/se411-part1/src/components/StatusBadge.jsx","statementMap":{"0":{"start":{"line":2,"column":2},"end":{"line":6,"column":null}}},"fnMap":{"0":{"name":"StatusBadge","decl":{"start":{"line":1,"column":24},"end":{"line":1,"column":36}},"loc":{"start":{"line":1,"column":48},"end":{"line":8,"column":null}},"line":1}},"branchMap":{},"s":{"0":480},"f":{"0":480},"b":{},"meta":{"lastBranch":0,"lastFunction":1,"lastStatement":1,"seen":{"f:1:24:1:36":0,"s:2:2:6:Infinity":0},"fnNames":{}}},"/workspace/scratch/9802111082ca/se411-part1/src/components/Modal.jsx":{"path":"/workspace/scratch/9802111082ca/se411-part1/src/components/Modal.jsx","statementMap":{"0":{"start":{"line":5,"column":14},"end":{"line":5,"column":null}},"1":{"start":{"line":6,"column":18},"end":{"line":6,"column":24}},"2":{"start":{"line":7,"column":2},"end":{"line":15,"column":null}},"3":{"start":{"line":8,"column":19},"end":{"line":8,"column":null}},"4":{"start":{"line":9,"column":26},"end":{"line":9,"column":null}},"5":{"start":{"line":10,"column":4},"end":{"line":10,"column":null}},"6":{"start":{"line":11,"column":4},"end":{"line":14,"column":null}},"7":{"start":{"line":12,"column":6},"end":{"line":12,"column":null}},"8":{"start":{"line":13,"column":6},"end":{"line":13,"column":null}},"9":{"start":{"line":13,"column":77},"end":{"line":13,"column":null}},"10":{"start":{"line":16,"column":2},"end":{"line":33,"column":null}},"11":{"start":{"line":22,"column":8},"end":{"line":22,"column":null}},"12":{"start":{"line":23,"column":8},"end":{"line":23,"column":null}}},"fnMap":{"0":{"name":"Modal","decl":{"start":{"line":4,"column":24},"end":{"line":4,"column":30}},"loc":{"start":{"line":4,"column":60},"end":{"line":35,"column":null}},"line":4},"1":{"name":"(anonymous_1)","decl":{"start":{"line":7,"column":2},"end":{"line":7,"column":18}},"loc":{"start":{"line":7,"column":18},"end":{"line":15,"column":5}},"line":7},"2":{"name":"(anonymous_2)","decl":{"start":{"line":11,"column":4},"end":{"line":11,"column":17}},"loc":{"start":{"line":11,"column":17},"end":{"line":14,"column":null}},"line":11},"3":{"name":"(anonymous_3)","decl":{"start":{"line":21,"column":6},"end":{"line":21,"column":17}},"loc":{"start":{"line":21,"column":27},"end":{"line":24,"column":null}},"line":21}},"branchMap":{"0":{"loc":{"start":{"line":13,"column":6},"end":{"line":13,"column":null}},"type":"if","locations":[{"start":{"line":13,"column":6},"end":{"line":13,"column":null}},{"start":{},"end":{}}],"line":13},"1":{"loc":{"start":{"line":13,"column":10},"end":{"line":13,"column":77}},"type":"binary-expr","locations":[{"start":{"line":13,"column":10},"end":{"line":13,"column":50}},{"start":{"line":13,"column":50},"end":{"line":13,"column":77}}],"line":13}},"s":{"0":5,"1":5,"2":5,"3":5,"4":5,"5":5,"6":5,"7":5,"8":5,"9":1,"10":5,"11":1,"12":1},"f":{"0":5,"1":5,"2":5,"3":1},"b":{"0":[1,4],"1":[5,5]},"meta":{"lastBranch":2,"lastFunction":4,"lastStatement":13,"seen":{"f:4:24:4:30":0,"s:5:14:5:Infinity":0,"s:6:18:6:24":1,"s:7:2:15:Infinity":2,"f:7:2:7:18":1,"s:8:19:8:Infinity":3,"s:9:26:9:Infinity":4,"s:10:4:10:Infinity":5,"s:11:4:14:Infinity":6,"f:11:4:11:17":2,"s:12:6:12:Infinity":7,"b:13:6:13:Infinity:undefined:undefined:undefined:undefined":0,"s:13:6:13:Infinity":8,"b:13:10:13:50:13:50:13:77":1,"s:13:77:13:Infinity":9,"s:16:2:33:Infinity":10,"f:21:6:21:17":3,"s:22:8:22:Infinity":11,"s:23:8:23:Infinity":12},"fnNames":{}}},"/workspace/scratch/9802111082ca/se411-part1/src/domain/assets.js":{"path":"/workspace/scratch/9802111082ca/se411-part1/src/domain/assets.js","statementMap":{"0":{"start":{"line":1,"column":24},"end":{"line":1,"column":null}},"1":{"start":{"line":2,"column":21},"end":{"line":2,"column":null}},"2":{"start":{"line":3,"column":27},"end":{"line":3,"column":null}},"3":{"start":{"line":4,"column":26},"end":{"line":16,"column":null}},"4":{"start":{"line":17,"column":6},"end":{"line":17,"column":null}},"5":{"start":{"line":17,"column":25},"end":{"line":17,"column":null}},"6":{"start":{"line":20,"column":15},"end":{"line":20,"column":null}},"7":{"start":{"line":21,"column":2},"end":{"line":21,"column":null}},"8":{"start":{"line":25,"column":17},"end":{"line":25,"column":null}},"9":{"start":{"line":26,"column":19},"end":{"line":32,"column":null}},"10":{"start":{"line":33,"column":2},"end":{"line":34,"column":null}},"11":{"start":{"line":34,"column":4},"end":{"line":34,"column":null}},"12":{"start":{"line":34,"column":30},"end":{"line":34,"column":null}},"13":{"start":{"line":35,"column":14},"end":{"line":35,"column":null}},"14":{"start":{"line":36,"column":2},"end":{"line":37,"column":null}},"15":{"start":{"line":37,"column":4},"end":{"line":37,"column":null}},"16":{"start":{"line":38,"column":2},"end":{"line":39,"column":null}},"17":{"start":{"line":38,"column":36},"end":{"line":38,"column":93}},"18":{"start":{"line":39,"column":4},"end":{"line":39,"column":null}},"19":{"start":{"line":40,"column":17},"end":{"line":40,"column":null}},"20":{"start":{"line":41,"column":2},"end":{"line":45,"column":null}},"21":{"start":{"line":43,"column":27},"end":{"line":43,"column":90}},"22":{"start":{"line":45,"column":4},"end":{"line":45,"column":null}},"23":{"start":{"line":46,"column":2},"end":{"line":53,"column":null}},"24":{"start":{"line":53,"column":4},"end":{"line":53,"column":null}},"25":{"start":{"line":53,"column":44},"end":{"line":53,"column":null}},"26":{"start":{"line":54,"column":2},"end":{"line":54,"column":null}},"27":{"start":{"line":54,"column":36},"end":{"line":54,"column":null}},"28":{"start":{"line":55,"column":2},"end":{"line":55,"column":null}},"29":{"start":{"line":55,"column":41},"end":{"line":55,"column":null}},"30":{"start":{"line":56,"column":2},"end":{"line":56,"column":null}},"31":{"start":{"line":56,"column":48},"end":{"line":56,"column":null}},"32":{"start":{"line":57,"column":2},"end":{"line":58,"column":null}},"33":{"start":{"line":58,"column":4},"end":{"line":58,"column":null}},"34":{"start":{"line":59,"column":2},"end":{"line":60,"column":null}},"35":{"start":{"line":60,"column":4},"end":{"line":60,"column":null}},"36":{"start":{"line":61,"column":15},"end":{"line":61,"column":null}},"37":{"start":{"line":62,"column":21},"end":{"line":62,"column":null}},"38":{"start":{"line":63,"column":2},"end":{"line":70,"column":null}},"39":{"start":{"line":69,"column":4},"end":{"line":69,"column":null}},"40":{"start":{"line":70,"column":7},"end":{"line":70,"column":null}},"41":{"start":{"line":70,"column":32},"end":{"line":70,"column":null}},"42":{"start":{"line":71,"column":15},"end":{"line":71,"column":null}},"43":{"start":{"line":72,"column":2},"end":{"line":73,"column":null}},"44":{"start":{"line":73,"column":4},"end":{"line":73,"column":null}},"45":{"start":{"line":74,"column":2},"end":{"line":74,"column":null}},"46":{"start":{"line":79,"column":4},"end":{"line":79,"column":null}},"47":{"start":{"line":80,"column":4},"end":{"line":80,"column":null}},"48":{"start":{"line":81,"column":4},"end":{"line":81,"column":null}},"49":{"start":{"line":86,"column":2},"end":{"line":98,"column":null}},"50":{"start":{"line":102,"column":17},"end":{"line":102,"column":null}},"51":{"start":{"line":103,"column":2},"end":{"line":103,"column":null}},"52":{"start":{"line":103,"column":34},"end":{"line":103,"column":null}},"53":{"start":{"line":107,"column":2},"end":{"line":107,"column":null}},"54":{"start":{"line":108,"column":2},"end":{"line":108,"column":null}},"55":{"start":{"line":112,"column":2},"end":{"line":112,"column":null}},"56":{"start":{"line":112,"column":30},"end":{"line":112,"column":45}},"57":{"start":{"line":112,"column":48},"end":{"line":112,"column":null}},"58":{"start":{"line":113,"column":2},"end":{"line":113,"column":null}},"59":{"start":{"line":114,"column":2},"end":{"line":114,"column":null}},"60":{"start":{"line":114,"column":32},"end":{"line":114,"column":92}},"61":{"start":{"line":118,"column":2},"end":{"line":118,"column":null}},"62":{"start":{"line":118,"column":30},"end":{"line":118,"column":45}},"63":{"start":{"line":118,"column":48},"end":{"line":118,"column":null}},"64":{"start":{"line":119,"column":2},"end":{"line":119,"column":null}},"65":{"start":{"line":119,"column":34},"end":{"line":119,"column":49}},"66":{"start":{"line":126,"column":16},"end":{"line":126,"column":null}},"67":{"start":{"line":127,"column":17},"end":{"line":146,"column":null}},"68":{"start":{"line":128,"column":23},"end":{"line":140,"column":null}},"69":{"start":{"line":141,"column":4},"end":{"line":144,"column":null}},"70":{"start":{"line":147,"column":2},"end":{"line":157,"column":null}},"71":{"start":{"line":148,"column":4},"end":{"line":156,"column":null}},"72":{"start":{"line":161,"column":17},"end":{"line":168,"column":null}},"73":{"start":{"line":169,"column":2},"end":{"line":172,"column":null}},"74":{"start":{"line":170,"column":4},"end":{"line":170,"column":null}},"75":{"start":{"line":171,"column":4},"end":{"line":171,"column":null}},"76":{"start":{"line":173,"column":2},"end":{"line":173,"column":null}},"77":{"start":{"line":174,"column":17},"end":{"line":174,"column":null}},"78":{"start":{"line":175,"column":2},"end":{"line":175,"column":null}},"79":{"start":{"line":176,"column":2},"end":{"line":176,"column":null}},"80":{"start":{"line":179,"column":13},"end":{"line":184,"column":null}},"81":{"start":{"line":180,"column":2},"end":{"line":184,"column":null}}},"fnMap":{"0":{"name":"(anonymous_0)","decl":{"start":{"line":17,"column":6},"end":{"line":17,"column":14}},"loc":{"start":{"line":17,"column":25},"end":{"line":17,"column":null}},"line":17},"1":{"name":"localToday","decl":{"start":{"line":19,"column":16},"end":{"line":19,"column":29}},"loc":{"start":{"line":19,"column":29},"end":{"line":22,"column":null}},"line":19},"2":{"name":"validateAsset","decl":{"start":{"line":24,"column":16},"end":{"line":24,"column":30}},"loc":{"start":{"line":24,"column":69},"end":{"line":75,"column":null}},"line":24},"3":{"name":"(anonymous_3)","decl":{"start":{"line":38,"column":20},"end":{"line":38,"column":26}},"loc":{"start":{"line":38,"column":36},"end":{"line":38,"column":93}},"line":38},"4":{"name":"(anonymous_4)","decl":{"start":{"line":43,"column":11},"end":{"line":43,"column":17}},"loc":{"start":{"line":43,"column":27},"end":{"line":43,"column":90}},"line":43},"5":{"name":"constructor","decl":{"start":{"line":78,"column":2},"end":{"line":78,"column":14}},"loc":{"start":{"line":78,"column":22},"end":{"line":82,"column":null}},"line":78},"6":{"name":"normalizeAsset","decl":{"start":{"line":85,"column":9},"end":{"line":85,"column":24}},"loc":{"start":{"line":85,"column":32},"end":{"line":99,"column":null}},"line":85},"7":{"name":"ensureValid","decl":{"start":{"line":101,"column":9},"end":{"line":101,"column":21}},"loc":{"start":{"line":101,"column":55},"end":{"line":104,"column":null}},"line":101},"8":{"name":"addAsset","decl":{"start":{"line":106,"column":16},"end":{"line":106,"column":25}},"loc":{"start":{"line":106,"column":41},"end":{"line":109,"column":null}},"line":106},"9":{"name":"updateAsset","decl":{"start":{"line":111,"column":16},"end":{"line":111,"column":28}},"loc":{"start":{"line":111,"column":48},"end":{"line":115,"column":null}},"line":111},"10":{"name":"(anonymous_10)","decl":{"start":{"line":112,"column":14},"end":{"line":112,"column":20}},"loc":{"start":{"line":112,"column":30},"end":{"line":112,"column":45}},"line":112},"11":{"name":"(anonymous_11)","decl":{"start":{"line":114,"column":16},"end":{"line":114,"column":21}},"loc":{"start":{"line":114,"column":32},"end":{"line":114,"column":92}},"line":114},"12":{"name":"deleteAsset","decl":{"start":{"line":117,"column":16},"end":{"line":117,"column":28}},"loc":{"start":{"line":117,"column":40},"end":{"line":120,"column":null}},"line":117},"13":{"name":"(anonymous_13)","decl":{"start":{"line":118,"column":14},"end":{"line":118,"column":20}},"loc":{"start":{"line":118,"column":30},"end":{"line":118,"column":45}},"line":118},"14":{"name":"(anonymous_14)","decl":{"start":{"line":119,"column":16},"end":{"line":119,"column":24}},"loc":{"start":{"line":119,"column":34},"end":{"line":119,"column":49}},"line":119},"15":{"name":"filterAssets","decl":{"start":{"line":122,"column":16},"end":{"line":122,"column":null}},"loc":{"start":{"line":125,"column":2},"end":{"line":158,"column":null}},"line":125},"16":{"name":"(anonymous_16)","decl":{"start":{"line":127,"column":24},"end":{"line":127,"column":32}},"loc":{"start":{"line":127,"column":42},"end":{"line":146,"column":3}},"line":127},"17":{"name":"(anonymous_17)","decl":{"start":{"line":147,"column":16},"end":{"line":147,"column":22}},"loc":{"start":{"line":148,"column":4},"end":{"line":156,"column":null}},"line":148},"18":{"name":"getSummary","decl":{"start":{"line":160,"column":16},"end":{"line":160,"column":27}},"loc":{"start":{"line":160,"column":35},"end":{"line":177,"column":null}},"line":160},"19":{"name":"(anonymous_19)","decl":{"start":{"line":179,"column":13},"end":{"line":179,"column":28}},"loc":{"start":{"line":180,"column":2},"end":{"line":184,"column":null}},"line":180}},"branchMap":{"0":{"loc":{"start":{"line":17,"column":25},"end":{"line":17,"column":null}},"type":"cond-expr","locations":[{"start":{"line":17,"column":53},"end":{"line":17,"column":68}},{"start":{"line":17,"column":68},"end":{"line":17,"column":null}}],"line":17},"1":{"loc":{"start":{"line":24,"column":38},"end":{"line":24,"column":51}},"type":"default-arg","locations":[{"start":{"line":24,"column":47},"end":{"line":24,"column":51}}],"line":24},"2":{"loc":{"start":{"line":24,"column":51},"end":{"line":24,"column":69}},"type":"default-arg","locations":[{"start":{"line":24,"column":63},"end":{"line":24,"column":69}}],"line":24},"3":{"loc":{"start":{"line":34,"column":4},"end":{"line":34,"column":null}},"type":"if","locations":[{"start":{"line":34,"column":4},"end":{"line":34,"column":null}},{"start":{},"end":{}}],"line":34},"4":{"loc":{"start":{"line":36,"column":2},"end":{"line":37,"column":null}},"type":"if","locations":[{"start":{"line":36,"column":2},"end":{"line":37,"column":null}},{"start":{},"end":{}}],"line":36},"5":{"loc":{"start":{"line":36,"column":6},"end":{"line":36,"column":null}},"type":"binary-expr","locations":[{"start":{"line":36,"column":6},"end":{"line":36,"column":13}},{"start":{"line":36,"column":13},"end":{"line":36,"column":null}}],"line":36},"6":{"loc":{"start":{"line":38,"column":2},"end":{"line":39,"column":null}},"type":"if","locations":[{"start":{"line":38,"column":2},"end":{"line":39,"column":null}},{"start":{},"end":{}}],"line":38},"7":{"loc":{"start":{"line":38,"column":6},"end":{"line":38,"column":null}},"type":"binary-expr","locations":[{"start":{"line":38,"column":6},"end":{"line":38,"column":13}},{"start":{"line":38,"column":13},"end":{"line":38,"column":null}}],"line":38},"8":{"loc":{"start":{"line":38,"column":36},"end":{"line":38,"column":93}},"type":"binary-expr","locations":[{"start":{"line":38,"column":36},"end":{"line":38,"column":62}},{"start":{"line":38,"column":62},"end":{"line":38,"column":93}}],"line":38},"9":{"loc":{"start":{"line":41,"column":2},"end":{"line":45,"column":null}},"type":"if","locations":[{"start":{"line":41,"column":2},"end":{"line":45,"column":null}},{"start":{},"end":{}}],"line":41},"10":{"loc":{"start":{"line":42,"column":4},"end":{"line":43,"column":null}},"type":"binary-expr","locations":[{"start":{"line":42,"column":4},"end":{"line":42,"column":null}},{"start":{"line":43,"column":4},"end":{"line":43,"column":null}}],"line":42},"11":{"loc":{"start":{"line":43,"column":27},"end":{"line":43,"column":90}},"type":"binary-expr","locations":[{"start":{"line":43,"column":27},"end":{"line":43,"column":53}},{"start":{"line":43,"column":53},"end":{"line":43,"column":90}}],"line":43},"12":{"loc":{"start":{"line":53,"column":4},"end":{"line":53,"column":null}},"type":"if","locations":[{"start":{"line":53,"column":4},"end":{"line":53,"column":null}},{"start":{},"end":{}}],"line":53},"13":{"loc":{"start":{"line":54,"column":2},"end":{"line":54,"column":null}},"type":"if","locations":[{"start":{"line":54,"column":2},"end":{"line":54,"column":null}},{"start":{},"end":{}}],"line":54},"14":{"loc":{"start":{"line":55,"column":2},"end":{"line":55,"column":null}},"type":"if","locations":[{"start":{"line":55,"column":2},"end":{"line":55,"column":null}},{"start":{},"end":{}}],"line":55},"15":{"loc":{"start":{"line":56,"column":2},"end":{"line":56,"column":null}},"type":"if","locations":[{"start":{"line":56,"column":2},"end":{"line":56,"column":null}},{"start":{},"end":{}}],"line":56},"16":{"loc":{"start":{"line":57,"column":2},"end":{"line":58,"column":null}},"type":"if","locations":[{"start":{"line":57,"column":2},"end":{"line":58,"column":null}},{"start":{},"end":{}}],"line":57},"17":{"loc":{"start":{"line":57,"column":6},"end":{"line":57,"column":null}},"type":"binary-expr","locations":[{"start":{"line":57,"column":6},"end":{"line":57,"column":38}},{"start":{"line":57,"column":38},"end":{"line":57,"column":null}}],"line":57},"18":{"loc":{"start":{"line":59,"column":2},"end":{"line":60,"column":null}},"type":"if","locations":[{"start":{"line":59,"column":2},"end":{"line":60,"column":null}},{"start":{},"end":{}}],"line":59},"19":{"loc":{"start":{"line":59,"column":6},"end":{"line":59,"column":null}},"type":"binary-expr","locations":[{"start":{"line":59,"column":6},"end":{"line":59,"column":58}},{"start":{"line":59,"column":58},"end":{"line":59,"column":null}}],"line":59},"20":{"loc":{"start":{"line":63,"column":2},"end":{"line":70,"column":null}},"type":"if","locations":[{"start":{"line":63,"column":2},"end":{"line":70,"column":null}},{"start":{"line":70,"column":7},"end":{"line":70,"column":null}}],"line":63},"21":{"loc":{"start":{"line":64,"column":4},"end":{"line":67,"column":null}},"type":"binary-expr","locations":[{"start":{"line":64,"column":4},"end":{"line":64,"column":null}},{"start":{"line":65,"column":5},"end":{"line":65,"column":null}},{"start":{"line":66,"column":6},"end":{"line":66,"column":null}},{"start":{"line":67,"column":6},"end":{"line":67,"column":null}}],"line":64},"22":{"loc":{"start":{"line":70,"column":7},"end":{"line":70,"column":null}},"type":"if","locations":[{"start":{"line":70,"column":7},"end":{"line":70,"column":null}},{"start":{},"end":{}}],"line":70},"23":{"loc":{"start":{"line":71,"column":22},"end":{"line":71,"column":39}},"type":"binary-expr","locations":[{"start":{"line":71,"column":22},"end":{"line":71,"column":37}},{"start":{"line":71,"column":37},"end":{"line":71,"column":39}}],"line":71},"24":{"loc":{"start":{"line":72,"column":2},"end":{"line":73,"column":null}},"type":"if","locations":[{"start":{"line":72,"column":2},"end":{"line":73,"column":null}},{"start":{},"end":{}}],"line":72},"25":{"loc":{"start":{"line":72,"column":6},"end":{"line":72,"column":null}},"type":"binary-expr","locations":[{"start":{"line":72,"column":6},"end":{"line":72,"column":41}},{"start":{"line":72,"column":41},"end":{"line":72,"column":75}},{"start":{"line":72,"column":75},"end":{"line":72,"column":null}}],"line":72},"26":{"loc":{"start":{"line":101,"column":37},"end":{"line":101,"column":55}},"type":"default-arg","locations":[{"start":{"line":101,"column":49},"end":{"line":101,"column":55}}],"line":101},"27":{"loc":{"start":{"line":103,"column":2},"end":{"line":103,"column":null}},"type":"if","locations":[{"start":{"line":103,"column":2},"end":{"line":103,"column":null}},{"start":{},"end":{}}],"line":103},"28":{"loc":{"start":{"line":112,"column":2},"end":{"line":112,"column":null}},"type":"if","locations":[{"start":{"line":112,"column":2},"end":{"line":112,"column":null}},{"start":{},"end":{}}],"line":112},"29":{"loc":{"start":{"line":114,"column":32},"end":{"line":114,"column":92}},"type":"cond-expr","locations":[{"start":{"line":114,"column":50},"end":{"line":114,"column":86}},{"start":{"line":114,"column":86},"end":{"line":114,"column":92}}],"line":114},"30":{"loc":{"start":{"line":118,"column":2},"end":{"line":118,"column":null}},"type":"if","locations":[{"start":{"line":118,"column":2},"end":{"line":118,"column":null}},{"start":{},"end":{}}],"line":118},"31":{"loc":{"start":{"line":124,"column":2},"end":{"line":124,"column":null}},"type":"default-arg","locations":[{"start":{"line":124,"column":90},"end":{"line":124,"column":null}}],"line":124},"32":{"loc":{"start":{"line":124,"column":4},"end":{"line":124,"column":16}},"type":"default-arg","locations":[{"start":{"line":124,"column":12},"end":{"line":124,"column":16}}],"line":124},"33":{"loc":{"start":{"line":124,"column":16},"end":{"line":124,"column":41}},"type":"default-arg","locations":[{"start":{"line":124,"column":25},"end":{"line":124,"column":41}}],"line":124},"34":{"loc":{"start":{"line":124,"column":41},"end":{"line":124,"column":73}},"type":"default-arg","locations":[{"start":{"line":124,"column":54},"end":{"line":124,"column":73}}],"line":124},"35":{"loc":{"start":{"line":124,"column":73},"end":{"line":124,"column":90}},"type":"default-arg","locations":[{"start":{"line":124,"column":80},"end":{"line":124,"column":90}}],"line":124},"36":{"loc":{"start":{"line":142,"column":6},"end":{"line":144,"column":null}},"type":"binary-expr","locations":[{"start":{"line":142,"column":6},"end":{"line":142,"column":null}},{"start":{"line":143,"column":7},"end":{"line":143,"column":36}},{"start":{"line":143,"column":36},"end":{"line":143,"column":null}},{"start":{"line":144,"column":7},"end":{"line":144,"column":43}},{"start":{"line":144,"column":43},"end":{"line":144,"column":null}}],"line":142},"37":{"loc":{"start":{"line":148,"column":4},"end":{"line":156,"column":null}},"type":"cond-expr","locations":[{"start":{"line":149,"column":8},"end":{"line":149,"column":null}},{"start":{"line":150,"column":8},"end":{"line":156,"column":null}}],"line":148},"38":{"loc":{"start":{"line":149,"column":8},"end":{"line":149,"column":null}},"type":"binary-expr","locations":[{"start":{"line":149,"column":8},"end":{"line":149,"column":27}},{"start":{"line":149,"column":27},"end":{"line":149,"column":null}}],"line":149},"39":{"loc":{"start":{"line":150,"column":8},"end":{"line":156,"column":null}},"type":"cond-expr","locations":[{"start":{"line":151,"column":10},"end":{"line":151,"column":null}},{"start":{"line":152,"column":10},"end":{"line":156,"column":null}}],"line":150},"40":{"loc":{"start":{"line":151,"column":10},"end":{"line":151,"column":null}},"type":"binary-expr","locations":[{"start":{"line":151,"column":10},"end":{"line":151,"column":58}},{"start":{"line":151,"column":58},"end":{"line":151,"column":null}}],"line":151},"41":{"loc":{"start":{"line":152,"column":19},"end":{"line":152,"column":52}},"type":"cond-expr","locations":[{"start":{"line":152,"column":37},"end":{"line":152,"column":46}},{"start":{"line":152,"column":46},"end":{"line":152,"column":52}}],"line":152},"42":{"loc":{"start":{"line":153,"column":21},"end":{"line":153,"column":54}},"type":"cond-expr","locations":[{"start":{"line":153,"column":39},"end":{"line":153,"column":48}},{"start":{"line":153,"column":48},"end":{"line":153,"column":54}}],"line":153},"43":{"loc":{"start":{"line":175,"column":26},"end":{"line":175,"column":null}},"type":"cond-expr","locations":[{"start":{"line":175,"column":35},"end":{"line":175,"column":82}},{"start":{"line":175,"column":82},"end":{"line":175,"column":null}}],"line":175}},"s":{"0":2,"1":2,"2":2,"3":2,"4":2,"5":837,"6":299,"7":299,"8":57,"9":57,"10":57,"11":285,"12":10,"13":57,"14":57,"15":1,"16":57,"17":329,"18":3,"19":57,"20":57,"21":349,"22":1,"23":57,"24":285,"25":1,"26":57,"27":1,"28":57,"29":1,"30":57,"31":1,"32":57,"33":2,"34":57,"35":2,"36":57,"37":57,"38":57,"39":2,"40":55,"41":1,"42":57,"43":57,"44":10,"45":57,"46":2,"47":2,"48":2,"49":6,"50":8,"51":8,"52":2,"53":5,"54":5,"55":4,"56":15,"57":1,"58":3,"59":3,"60":24,"61":4,"62":15,"63":1,"64":3,"65":36,"66":51,"67":51,"68":613,"69":613,"70":51,"71":427,"72":26,"73":26,"74":290,"75":290,"76":26,"77":26,"78":26,"79":26,"80":2,"81":472},"f":{"0":837,"1":299,"2":57,"3":329,"4":349,"5":2,"6":6,"7":8,"8":5,"9":4,"10":15,"11":24,"12":4,"13":15,"14":36,"15":51,"16":613,"17":427,"18":26,"19":472},"b":{"0":[837,0],"1":[57],"2":[57],"3":[10,275],"4":[1,56],"5":[57,55],"6":[3,54],"7":[57,55],"8":[329,311],"9":[1,56],"10":[57,55],"11":[349,331],"12":[1,284],"13":[1,56],"14":[1,56],"15":[1,56],"16":[2,55],"17":[57,14],"18":[2,55],"19":[57,40],"20":[2,55],"21":[57,55,54,54],"22":[1,54],"23":[57,0],"24":[10,47],"25":[57,48,48],"26":[8],"27":[2,6],"28":[1,3],"29":[2,22],"30":[1,3],"31":[51],"32":[51],"33":[51],"34":[51],"35":[51],"36":[613,424,36,398,8],"37":[54,373],"38":[54,0],"39":[29,344],"40":[29,0],"41":[32,312],"42":[32,312],"43":[24,2]},"meta":{"lastBranch":44,"lastFunction":20,"lastStatement":82,"seen":{"s:1:24:1:Infinity":0,"s:2:21:2:Infinity":1,"s:3:27:3:Infinity":2,"s:4:26:16:Infinity":3,"s:17:6:17:Infinity":4,"f:17:6:17:14":0,"s:17:25:17:Infinity":5,"b:17:53:17:68:17:68:17:Infinity":0,"f:19:16:19:29":1,"s:20:15:20:Infinity":6,"s:21:2:21:Infinity":7,"f:24:16:24:30":2,"b:24:47:24:51":1,"b:24:63:24:69":2,"s:25:17:25:Infinity":8,"s:26:19:32:Infinity":9,"s:33:2:34:Infinity":10,"b:34:4:34:Infinity:undefined:undefined:undefined:undefined":3,"s:34:4:34:Infinity":11,"s:34:30:34:Infinity":12,"s:35:14:35:Infinity":13,"b:36:2:37:Infinity:undefined:undefined:undefined:undefined":4,"s:36:2:37:Infinity":14,"b:36:6:36:13:36:13:36:Infinity":5,"s:37:4:37:Infinity":15,"b:38:2:39:Infinity:undefined:undefined:undefined:undefined":6,"s:38:2:39:Infinity":16,"b:38:6:38:13:38:13:38:Infinity":7,"f:38:20:38:26":3,"s:38:36:38:93":17,"b:38:36:38:62:38:62:38:93":8,"s:39:4:39:Infinity":18,"s:40:17:40:Infinity":19,"b:41:2:45:Infinity:undefined:undefined:undefined:undefined":9,"s:41:2:45:Infinity":20,"b:42:4:42:Infinity:43:4:43:Infinity":10,"f:43:11:43:17":4,"s:43:27:43:90":21,"b:43:27:43:53:43:53:43:90":11,"s:45:4:45:Infinity":22,"s:46:2:53:Infinity":23,"b:53:4:53:Infinity:undefined:undefined:undefined:undefined":12,"s:53:4:53:Infinity":24,"s:53:44:53:Infinity":25,"b:54:2:54:Infinity:undefined:undefined:undefined:undefined":13,"s:54:2:54:Infinity":26,"s:54:36:54:Infinity":27,"b:55:2:55:Infinity:undefined:undefined:undefined:undefined":14,"s:55:2:55:Infinity":28,"s:55:41:55:Infinity":29,"b:56:2:56:Infinity:undefined:undefined:undefined:undefined":15,"s:56:2:56:Infinity":30,"s:56:48:56:Infinity":31,"b:57:2:58:Infinity:undefined:undefined:undefined:undefined":16,"s:57:2:58:Infinity":32,"b:57:6:57:38:57:38:57:Infinity":17,"s:58:4:58:Infinity":33,"b:59:2:60:Infinity:undefined:undefined:undefined:undefined":18,"s:59:2:60:Infinity":34,"b:59:6:59:58:59:58:59:Infinity":19,"s:60:4:60:Infinity":35,"s:61:15:61:Infinity":36,"s:62:21:62:Infinity":37,"b:63:2:70:Infinity:70:7:70:Infinity":20,"s:63:2:70:Infinity":38,"b:64:4:64:Infinity:65:5:65:Infinity:66:6:66:Infinity:67:6:67:Infinity":21,"s:69:4:69:Infinity":39,"b:70:7:70:Infinity:undefined:undefined:undefined:undefined":22,"s:70:7:70:Infinity":40,"s:70:32:70:Infinity":41,"s:71:15:71:Infinity":42,"b:71:22:71:37:71:37:71:39":23,"b:72:2:73:Infinity:undefined:undefined:undefined:undefined":24,"s:72:2:73:Infinity":43,"b:72:6:72:41:72:41:72:75:72:75:72:Infinity":25,"s:73:4:73:Infinity":44,"s:74:2:74:Infinity":45,"f:78:2:78:14":5,"s:79:4:79:Infinity":46,"s:80:4:80:Infinity":47,"s:81:4:81:Infinity":48,"f:85:9:85:24":6,"s:86:2:98:Infinity":49,"f:101:9:101:21":7,"b:101:49:101:55":26,"s:102:17:102:Infinity":50,"b:103:2:103:Infinity:undefined:undefined:undefined:undefined":27,"s:103:2:103:Infinity":51,"s:103:34:103:Infinity":52,"f:106:16:106:25":8,"s:107:2:107:Infinity":53,"s:108:2:108:Infinity":54,"f:111:16:111:28":9,"b:112:2:112:Infinity:undefined:undefined:undefined:undefined":28,"s:112:2:112:Infinity":55,"f:112:14:112:20":10,"s:112:30:112:45":56,"s:112:48:112:Infinity":57,"s:113:2:113:Infinity":58,"s:114:2:114:Infinity":59,"f:114:16:114:21":11,"s:114:32:114:92":60,"b:114:50:114:86:114:86:114:92":29,"f:117:16:117:28":12,"b:118:2:118:Infinity:undefined:undefined:undefined:undefined":30,"s:118:2:118:Infinity":61,"f:118:14:118:20":13,"s:118:30:118:45":62,"s:118:48:118:Infinity":63,"s:119:2:119:Infinity":64,"f:119:16:119:24":14,"s:119:34:119:49":65,"f:122:16:122:Infinity":15,"b:124:90:124:Infinity":31,"b:124:12:124:16":32,"b:124:25:124:41":33,"b:124:54:124:73":34,"b:124:80:124:90":35,"s:126:16:126:Infinity":66,"s:127:17:146:Infinity":67,"f:127:24:127:32":16,"s:128:23:140:Infinity":68,"s:141:4:144:Infinity":69,"b:142:6:142:Infinity:143:7:143:36:143:36:143:Infinity:144:7:144:43:144:43:144:Infinity":36,"s:147:2:157:Infinity":70,"f:147:16:147:22":17,"s:148:4:156:Infinity":71,"b:149:8:149:Infinity:150:8:156:Infinity":37,"b:149:8:149:27:149:27:149:Infinity":38,"b:151:10:151:Infinity:152:10:156:Infinity":39,"b:151:10:151:58:151:58:151:Infinity":40,"b:152:37:152:46:152:46:152:52":41,"b:153:39:153:48:153:48:153:54":42,"f:160:16:160:27":18,"s:161:17:168:Infinity":72,"s:169:2:172:Infinity":73,"s:170:4:170:Infinity":74,"s:171:4:171:Infinity":75,"s:173:2:173:Infinity":76,"s:174:17:174:Infinity":77,"s:175:2:175:Infinity":78,"b:175:35:175:82:175:82:175:Infinity":43,"s:176:2:176:Infinity":79,"s:179:13:184:Infinity":80,"f:179:13:179:28":19,"s:180:2:184:Infinity":81},"fnNames":{}}},"/workspace/scratch/9802111082ca/se411-part1/src/components/AssetForm.jsx":{"path":"/workspace/scratch/9802111082ca/se411-part1/src/components/AssetForm.jsx","statementMap":{"0":{"start":{"line":14,"column":30},"end":{"line":14,"column":null}},"1":{"start":{"line":14,"column":46},"end":{"line":14,"column":74}},"2":{"start":{"line":15,"column":30},"end":{"line":15,"column":null}},"3":{"start":{"line":16,"column":36},"end":{"line":16,"column":null}},"4":{"start":{"line":17,"column":18},"end":{"line":17,"column":null}},"5":{"start":{"line":18,"column":17},"end":{"line":18,"column":23}},"6":{"start":{"line":19,"column":8},"end":{"line":32,"column":null}},"7":{"start":{"line":20,"column":28},"end":{"line":20,"column":null}},"8":{"start":{"line":21,"column":4},"end":{"line":25,"column":null}},"9":{"start":{"line":21,"column":29},"end":{"line":25,"column":6}},"10":{"start":{"line":26,"column":4},"end":{"line":30,"column":null}},"11":{"start":{"line":26,"column":29},"end":{"line":30,"column":6}},"12":{"start":{"line":31,"column":4},"end":{"line":31,"column":null}},"13":{"start":{"line":34,"column":4},"end":{"line":34,"column":null}},"14":{"start":{"line":35,"column":4},"end":{"line":35,"column":null}},"15":{"start":{"line":38,"column":4},"end":{"line":38,"column":null}},"16":{"start":{"line":39,"column":17},"end":{"line":39,"column":null}},"17":{"start":{"line":40,"column":4},"end":{"line":43,"column":null}},"18":{"start":{"line":41,"column":6},"end":{"line":41,"column":null}},"19":{"start":{"line":42,"column":6},"end":{"line":42,"column":null}},"20":{"start":{"line":44,"column":4},"end":{"line":49,"column":null}},"21":{"start":{"line":45,"column":6},"end":{"line":45,"column":null}},"22":{"start":{"line":47,"column":6},"end":{"line":48,"column":null}},"23":{"start":{"line":47,"column":49},"end":{"line":47,"column":null}},"24":{"start":{"line":48,"column":11},"end":{"line":48,"column":null}},"25":{"start":{"line":52,"column":15},"end":{"line":52,"column":null}},"26":{"start":{"line":53,"column":18},"end":{"line":62,"column":null}},"27":{"start":{"line":63,"column":4},"end":{"line":103,"column":null}},"28":{"start":{"line":72,"column":14},"end":{"line":72,"column":null}},"29":{"start":{"line":106,"column":2},"end":{"line":213,"column":null}}},"fnMap":{"0":{"name":"AssetForm","decl":{"start":{"line":13,"column":24},"end":{"line":13,"column":34}},"loc":{"start":{"line":13,"column":71},"end":{"line":215,"column":null}},"line":13},"1":{"name":"(anonymous_1)","decl":{"start":{"line":14,"column":30},"end":{"line":14,"column":46}},"loc":{"start":{"line":14,"column":46},"end":{"line":14,"column":74}},"line":14},"2":{"name":"(anonymous_2)","decl":{"start":{"line":19,"column":8},"end":{"line":19,"column":18}},"loc":{"start":{"line":19,"column":28},"end":{"line":32,"column":null}},"line":19},"3":{"name":"(anonymous_3)","decl":{"start":{"line":21,"column":4},"end":{"line":21,"column":15}},"loc":{"start":{"line":21,"column":29},"end":{"line":25,"column":6}},"line":21},"4":{"name":"(anonymous_4)","decl":{"start":{"line":26,"column":4},"end":{"line":26,"column":15}},"loc":{"start":{"line":26,"column":29},"end":{"line":30,"column":6}},"line":26},"5":{"name":"showErrors","decl":{"start":{"line":33,"column":11},"end":{"line":33,"column":22}},"loc":{"start":{"line":33,"column":28},"end":{"line":36,"column":null}},"line":33},"6":{"name":"submit","decl":{"start":{"line":37,"column":11},"end":{"line":37,"column":18}},"loc":{"start":{"line":37,"column":25},"end":{"line":50,"column":null}},"line":37},"7":{"name":"field","decl":{"start":{"line":51,"column":11},"end":{"line":51,"column":17}},"loc":{"start":{"line":51,"column":44},"end":{"line":105,"column":null}},"line":51},"8":{"name":"(anonymous_8)","decl":{"start":{"line":71,"column":29},"end":{"line":71,"column":34}},"loc":{"start":{"line":72,"column":14},"end":{"line":72,"column":null}},"line":72}},"branchMap":{"0":{"loc":{"start":{"line":24,"column":10},"end":{"line":24,"column":null}},"type":"cond-expr","locations":[{"start":{"line":24,"column":74},"end":{"line":24,"column":95}},{"start":{"line":24,"column":95},"end":{"line":24,"column":null}}],"line":24},"1":{"loc":{"start":{"line":24,"column":10},"end":{"line":24,"column":74}},"type":"binary-expr","locations":[{"start":{"line":24,"column":10},"end":{"line":24,"column":31}},{"start":{"line":24,"column":31},"end":{"line":24,"column":74}}],"line":24},"2":{"loc":{"start":{"line":29,"column":10},"end":{"line":29,"column":null}},"type":"cond-expr","locations":[{"start":{"line":29,"column":30},"end":{"line":29,"column":58}},{"start":{"line":29,"column":58},"end":{"line":29,"column":null}}],"line":29},"3":{"loc":{"start":{"line":40,"column":4},"end":{"line":43,"column":null}},"type":"if","locations":[{"start":{"line":40,"column":4},"end":{"line":43,"column":null}},{"start":{},"end":{}}],"line":40},"4":{"loc":{"start":{"line":47,"column":6},"end":{"line":48,"column":null}},"type":"if","locations":[{"start":{"line":47,"column":6},"end":{"line":48,"column":null}},{"start":{"line":48,"column":11},"end":{"line":48,"column":null}}],"line":47},"5":{"loc":{"start":{"line":48,"column":24},"end":{"line":48,"column":93}},"type":"binary-expr","locations":[{"start":{"line":48,"column":24},"end":{"line":48,"column":41}},{"start":{"line":48,"column":41},"end":{"line":48,"column":93}}],"line":48},"6":{"loc":{"start":{"line":51,"column":30},"end":{"line":51,"column":44}},"type":"default-arg","locations":[{"start":{"line":51,"column":40},"end":{"line":51,"column":44}}],"line":51},"7":{"loc":{"start":{"line":59,"column":26},"end":{"line":59,"column":null}},"type":"cond-expr","locations":[{"start":{"line":59,"column":41},"end":{"line":59,"column":57}},{"start":{"line":59,"column":57},"end":{"line":59,"column":null}}],"line":59},"8":{"loc":{"start":{"line":59,"column":57},"end":{"line":59,"column":null}},"type":"cond-expr","locations":[{"start":{"line":59,"column":72},"end":{"line":59,"column":87}},{"start":{"line":59,"column":87},"end":{"line":59,"column":null}}],"line":59},"9":{"loc":{"start":{"line":64,"column":31},"end":{"line":64,"column":66}},"type":"cond-expr","locations":[{"start":{"line":64,"column":46},"end":{"line":64,"column":55}},{"start":{"line":64,"column":55},"end":{"line":64,"column":66}}],"line":64},"10":{"loc":{"start":{"line":67,"column":11},"end":{"line":68,"column":null}},"type":"binary-expr","locations":[{"start":{"line":67,"column":11},"end":{"line":67,"column":31}},{"start":{"line":67,"column":31},"end":{"line":68,"column":null}}],"line":67},"11":{"loc":{"start":{"line":69,"column":9},"end":{"line":91,"column":null}},"type":"cond-expr","locations":[{"start":{"line":70,"column":10},"end":{"line":75,"column":20}},{"start":{"line":75,"column":12},"end":{"line":91,"column":null}}],"line":69},"12":{"loc":{"start":{"line":75,"column":12},"end":{"line":91,"column":null}},"type":"cond-expr","locations":[{"start":{"line":76,"column":10},"end":{"line":83,"column":11}},{"start":{"line":83,"column":10},"end":{"line":91,"column":null}}],"line":75},"13":{"loc":{"start":{"line":85,"column":18},"end":{"line":85,"column":null}},"type":"binary-expr","locations":[{"start":{"line":85,"column":18},"end":{"line":85,"column":34}},{"start":{"line":85,"column":34},"end":{"line":85,"column":null}}],"line":85},"14":{"loc":{"start":{"line":93,"column":9},"end":{"line":96,"column":null}},"type":"binary-expr","locations":[{"start":{"line":93,"column":9},"end":{"line":93,"column":25}},{"start":{"line":93,"column":25},"end":{"line":93,"column":null}},{"start":{"line":94,"column":10},"end":{"line":96,"column":null}}],"line":93},"15":{"loc":{"start":{"line":98,"column":9},"end":{"line":101,"column":null}},"type":"binary-expr","locations":[{"start":{"line":98,"column":9},"end":{"line":98,"column":null}},{"start":{"line":99,"column":10},"end":{"line":101,"column":null}}],"line":98},"16":{"loc":{"start":{"line":113,"column":9},"end":{"line":116,"column":null}},"type":"binary-expr","locations":[{"start":{"line":113,"column":9},"end":{"line":113,"column":null}},{"start":{"line":114,"column":10},"end":{"line":116,"column":null}}],"line":113},"17":{"loc":{"start":{"line":118,"column":9},"end":{"line":121,"column":null}},"type":"binary-expr","locations":[{"start":{"line":118,"column":9},"end":{"line":118,"column":null}},{"start":{"line":119,"column":10},"end":{"line":121,"column":null}}],"line":118},"18":{"loc":{"start":{"line":155,"column":18},"end":{"line":157,"column":null}},"type":"cond-expr","locations":[{"start":{"line":156,"column":16},"end":{"line":156,"column":null}},{"start":{"line":157,"column":16},"end":{"line":157,"column":null}}],"line":155},"19":{"loc":{"start":{"line":191,"column":13},"end":{"line":191,"column":null}},"type":"cond-expr","locations":[{"start":{"line":191,"column":21},"end":{"line":191,"column":38}},{"start":{"line":191,"column":38},"end":{"line":191,"column":null}}],"line":191}},"s":{"0":244,"1":8,"2":244,"3":244,"4":244,"5":244,"6":244,"7":233,"8":233,"9":233,"10":233,"11":233,"12":233,"13":3,"14":3,"15":7,"16":7,"17":7,"18":3,"19":3,"20":4,"21":4,"22":0,"23":0,"24":0,"25":2684,"26":2684,"27":2684,"28":3172,"29":244},"f":{"0":244,"1":8,"2":233,"3":233,"4":233,"5":3,"6":7,"7":2684,"8":3172},"b":{"0":[1,232],"1":[233,2],"2":[2,231],"3":[3,4],"4":[0,0],"5":[0,0],"6":[2684],"7":[8,2676],"8":[485,2191],"9":[732,1952],"10":[2684,2253],"11":[732,1952],"12":[244,1708],"13":[1708,1220],"14":[2684,488,485],"15":[2684,8],"16":[244,3],"17":[244,0],"18":[187,57],"19":[49,195]},"meta":{"lastBranch":20,"lastFunction":9,"lastStatement":30,"seen":{"f:13:24:13:34":0,"s:14:30:14:Infinity":0,"f:14:30:14:46":1,"s:14:46:14:74":1,"s:15:30:15:Infinity":2,"s:16:36:16:Infinity":3,"s:17:18:17:Infinity":4,"s:18:17:18:23":5,"s:19:8:32:Infinity":6,"f:19:8:19:18":2,"s:20:28:20:Infinity":7,"s:21:4:25:Infinity":8,"f:21:4:21:15":3,"s:21:29:25:6":9,"b:24:74:24:95:24:95:24:Infinity":0,"b:24:10:24:31:24:31:24:74":1,"s:26:4:30:Infinity":10,"f:26:4:26:15":4,"s:26:29:30:6":11,"b:29:30:29:58:29:58:29:Infinity":2,"s:31:4:31:Infinity":12,"f:33:11:33:22":5,"s:34:4:34:Infinity":13,"s:35:4:35:Infinity":14,"f:37:11:37:18":6,"s:38:4:38:Infinity":15,"s:39:17:39:Infinity":16,"b:40:4:43:Infinity:undefined:undefined:undefined:undefined":3,"s:40:4:43:Infinity":17,"s:41:6:41:Infinity":18,"s:42:6:42:Infinity":19,"s:44:4:49:Infinity":20,"s:45:6:45:Infinity":21,"b:47:6:48:Infinity:48:11:48:Infinity":4,"s:47:6:48:Infinity":22,"s:47:49:47:Infinity":23,"s:48:11:48:Infinity":24,"b:48:24:48:41:48:41:48:93":5,"f:51:11:51:17":7,"b:51:40:51:44":6,"s:52:15:52:Infinity":25,"s:53:18:62:Infinity":26,"b:59:41:59:57:59:57:59:Infinity":7,"b:59:72:59:87:59:87:59:Infinity":8,"s:63:4:103:Infinity":27,"b:64:46:64:55:64:55:64:66":9,"b:67:11:67:31:67:31:68:Infinity":10,"b:70:10:75:20:75:12:91:Infinity":11,"f:71:29:71:34":8,"s:72:14:72:Infinity":28,"b:76:10:83:11:83:10:91:Infinity":12,"b:85:18:85:34:85:34:85:Infinity":13,"b:93:9:93:25:93:25:93:Infinity:94:10:96:Infinity":14,"b:98:9:98:Infinity:99:10:101:Infinity":15,"s:106:2:213:Infinity":29,"b:113:9:113:Infinity:114:10:116:Infinity":16,"b:118:9:118:Infinity:119:10:121:Infinity":17,"b:156:16:156:Infinity:157:16:157:Infinity":18,"b:191:21:191:38:191:38:191:Infinity":19},"fnNames":{}}},"/workspace/scratch/9802111082ca/se411-part1/src/App.jsx":{"path":"/workspace/scratch/9802111082ca/se411-part1/src/App.jsx","statementMap":{"0":{"start":{"line":33,"column":14},"end":{"line":33,"column":null}},"1":{"start":{"line":34,"column":6},"end":{"line":35,"column":null}},"2":{"start":{"line":35,"column":2},"end":{"line":35,"column":null}},"3":{"start":{"line":38,"column":30},"end":{"line":38,"column":null}},"4":{"start":{"line":38,"column":45},"end":{"line":38,"column":86}},"5":{"start":{"line":38,"column":72},"end":{"line":38,"column":85}},"6":{"start":{"line":39,"column":26},"end":{"line":39,"column":null}},"7":{"start":{"line":40,"column":28},"end":{"line":40,"column":null}},"8":{"start":{"line":41,"column":30},"end":{"line":41,"column":null}},"9":{"start":{"line":42,"column":38},"end":{"line":42,"column":null}},"10":{"start":{"line":43,"column":26},"end":{"line":43,"column":null}},"11":{"start":{"line":44,"column":32},"end":{"line":44,"column":null}},"12":{"start":{"line":45,"column":34},"end":{"line":45,"column":null}},"13":{"start":{"line":46,"column":34},"end":{"line":46,"column":null}},"14":{"start":{"line":47,"column":30},"end":{"line":47,"column":null}},"15":{"start":{"line":48,"column":18},"end":{"line":48,"column":null}},"16":{"start":{"line":48,"column":32},"end":{"line":48,"column":52}},"17":{"start":{"line":49,"column":19},"end":{"line":52,"column":null}},"18":{"start":{"line":50,"column":10},"end":{"line":50,"column":null}},"19":{"start":{"line":54,"column":2},"end":{"line":63,"column":null}},"20":{"start":{"line":55,"column":10},"end":{"line":60,"column":null}},"21":{"start":{"line":56,"column":6},"end":{"line":56,"column":null}},"22":{"start":{"line":57,"column":6},"end":{"line":57,"column":null}},"23":{"start":{"line":58,"column":6},"end":{"line":58,"column":null}},"24":{"start":{"line":59,"column":6},"end":{"line":59,"column":null}},"25":{"start":{"line":61,"column":4},"end":{"line":61,"column":null}},"26":{"start":{"line":62,"column":4},"end":{"line":62,"column":null}},"27":{"start":{"line":62,"column":17},"end":{"line":62,"column":null}},"28":{"start":{"line":66,"column":4},"end":{"line":66,"column":null}},"29":{"start":{"line":67,"column":4},"end":{"line":67,"column":null}},"30":{"start":{"line":68,"column":4},"end":{"line":68,"column":null}},"31":{"start":{"line":72,"column":4},"end":{"line":78,"column":null}},"32":{"start":{"line":73,"column":6},"end":{"line":73,"column":null}},"33":{"start":{"line":74,"column":6},"end":{"line":74,"column":null}},"34":{"start":{"line":76,"column":6},"end":{"line":76,"column":null}},"35":{"start":{"line":77,"column":6},"end":{"line":77,"column":null}},"36":{"start":{"line":79,"column":4},"end":{"line":79,"column":null}},"37":{"start":{"line":80,"column":4},"end":{"line":80,"column":null}},"38":{"start":{"line":81,"column":4},"end":{"line":81,"column":null}},"39":{"start":{"line":82,"column":4},"end":{"line":82,"column":null}},"40":{"start":{"line":86,"column":4},"end":{"line":86,"column":null}},"41":{"start":{"line":87,"column":4},"end":{"line":87,"column":null}},"42":{"start":{"line":88,"column":4},"end":{"line":88,"column":null}},"43":{"start":{"line":92,"column":4},"end":{"line":92,"column":null}},"44":{"start":{"line":93,"column":4},"end":{"line":93,"column":null}},"45":{"start":{"line":94,"column":4},"end":{"line":94,"column":null}},"46":{"start":{"line":97,"column":20},"end":{"line":104,"column":null}},"47":{"start":{"line":106,"column":2},"end":{"line":533,"column":null}},"48":{"start":{"line":112,"column":10},"end":{"line":112,"column":null}},"49":{"start":{"line":113,"column":10},"end":{"line":113,"column":null}},"50":{"start":{"line":122,"column":25},"end":{"line":122,"column":null}},"51":{"start":{"line":147,"column":12},"end":{"line":160,"column":null}},"52":{"start":{"line":151,"column":16},"end":{"line":151,"column":null}},"53":{"start":{"line":152,"column":16},"end":{"line":152,"column":null}},"54":{"start":{"line":199,"column":31},"end":{"line":199,"column":null}},"55":{"start":{"line":223,"column":64},"end":{"line":223,"column":null}},"56":{"start":{"line":235,"column":30},"end":{"line":235,"column":null}},"57":{"start":{"line":281,"column":39},"end":{"line":281,"column":null}},"58":{"start":{"line":287,"column":39},"end":{"line":287,"column":null}},"59":{"start":{"line":296,"column":37},"end":{"line":296,"column":null}},"60":{"start":{"line":300,"column":22},"end":{"line":300,"column":null}},"61":{"start":{"line":306,"column":37},"end":{"line":306,"column":null}},"62":{"start":{"line":310,"column":22},"end":{"line":310,"column":null}},"63":{"start":{"line":324,"column":39},"end":{"line":324,"column":null}},"64":{"start":{"line":352,"column":24},"end":{"line":356,"column":null}},"65":{"start":{"line":404,"column":22},"end":{"line":417,"column":null}},"66":{"start":{"line":426,"column":22},"end":{"line":429,"column":null}},"67":{"start":{"line":428,"column":54},"end":{"line":428,"column":72}},"68":{"start":{"line":442,"column":20},"end":{"line":442,"column":null}},"69":{"start":{"line":443,"column":20},"end":{"line":443,"column":null}},"70":{"start":{"line":444,"column":20},"end":{"line":444,"column":null}},"71":{"start":{"line":445,"column":20},"end":{"line":445,"column":null}},"72":{"start":{"line":453,"column":37},"end":{"line":453,"column":63}},"73":{"start":{"line":455,"column":24},"end":{"line":464,"column":null}},"74":{"start":{"line":482,"column":52},"end":{"line":482,"column":null}},"75":{"start":{"line":497,"column":14},"end":{"line":500,"column":null}},"76":{"start":{"line":508,"column":64},"end":{"line":508,"column":83}},"77":{"start":{"line":511,"column":62},"end":{"line":511,"column":86}},"78":{"start":{"line":518,"column":55},"end":{"line":518,"column":null}},"79":{"start":{"line":524,"column":74},"end":{"line":524,"column":93}},"80":{"start":{"line":538,"column":2},"end":{"line":546,"column":null}},"81":{"start":{"line":551,"column":2},"end":{"line":609,"column":null}},"82":{"start":{"line":574,"column":12},"end":{"line":590,"column":null}},"83":{"start":{"line":579,"column":34},"end":{"line":579,"column":38}}},"fnMap":{"0":{"name":"(anonymous_0)","decl":{"start":{"line":34,"column":6},"end":{"line":34,"column":null}},"loc":{"start":{"line":35,"column":2},"end":{"line":35,"column":null}},"line":35},"1":{"name":"App","decl":{"start":{"line":37,"column":24},"end":{"line":37,"column":30}},"loc":{"start":{"line":37,"column":30},"end":{"line":535,"column":null}},"line":37},"2":{"name":"(anonymous_2)","decl":{"start":{"line":38,"column":30},"end":{"line":38,"column":45}},"loc":{"start":{"line":38,"column":45},"end":{"line":38,"column":86}},"line":38},"3":{"name":"(anonymous_3)","decl":{"start":{"line":38,"column":56},"end":{"line":38,"column":61}},"loc":{"start":{"line":38,"column":72},"end":{"line":38,"column":85}},"line":38},"4":{"name":"(anonymous_4)","decl":{"start":{"line":48,"column":18},"end":{"line":48,"column":32}},"loc":{"start":{"line":48,"column":32},"end":{"line":48,"column":52}},"line":48},"5":{"name":"(anonymous_5)","decl":{"start":{"line":49,"column":19},"end":{"line":49,"column":null}},"loc":{"start":{"line":50,"column":10},"end":{"line":50,"column":null}},"line":50},"6":{"name":"(anonymous_6)","decl":{"start":{"line":54,"column":2},"end":{"line":54,"column":18}},"loc":{"start":{"line":54,"column":18},"end":{"line":63,"column":5}},"line":54},"7":{"name":"(anonymous_7)","decl":{"start":{"line":55,"column":10},"end":{"line":55,"column":29}},"loc":{"start":{"line":55,"column":29},"end":{"line":60,"column":null}},"line":55},"8":{"name":"(anonymous_8)","decl":{"start":{"line":62,"column":4},"end":{"line":62,"column":17}},"loc":{"start":{"line":62,"column":17},"end":{"line":62,"column":null}},"line":62},"9":{"name":"navigate","decl":{"start":{"line":65,"column":11},"end":{"line":65,"column":20}},"loc":{"start":{"line":65,"column":26},"end":{"line":69,"column":null}},"line":65},"10":{"name":"saveComputer","decl":{"start":{"line":71,"column":11},"end":{"line":71,"column":24}},"loc":{"start":{"line":71,"column":32},"end":{"line":83,"column":null}},"line":71},"11":{"name":"confirmDelete","decl":{"start":{"line":85,"column":11},"end":{"line":85,"column":27}},"loc":{"start":{"line":85,"column":27},"end":{"line":89,"column":null}},"line":85},"12":{"name":"editComputer","decl":{"start":{"line":91,"column":11},"end":{"line":91,"column":24}},"loc":{"start":{"line":91,"column":31},"end":{"line":95,"column":null}},"line":91},"13":{"name":"(anonymous_13)","decl":{"start":{"line":111,"column":8},"end":{"line":111,"column":18}},"loc":{"start":{"line":111,"column":28},"end":{"line":114,"column":null}},"line":111},"14":{"name":"(anonymous_14)","decl":{"start":{"line":122,"column":10},"end":{"line":122,"column":25}},"loc":{"start":{"line":122,"column":25},"end":{"line":122,"column":null}},"line":122},"15":{"name":"(anonymous_15)","decl":{"start":{"line":146,"column":12},"end":{"line":146,"column":17}},"loc":{"start":{"line":147,"column":12},"end":{"line":160,"column":null}},"line":147},"16":{"name":"(anonymous_16)","decl":{"start":{"line":150,"column":14},"end":{"line":150,"column":29}},"loc":{"start":{"line":150,"column":29},"end":{"line":153,"column":null}},"line":150},"17":{"name":"(anonymous_17)","decl":{"start":{"line":199,"column":16},"end":{"line":199,"column":31}},"loc":{"start":{"line":199,"column":31},"end":{"line":199,"column":null}},"line":199},"18":{"name":"(anonymous_18)","decl":{"start":{"line":223,"column":49},"end":{"line":223,"column":64}},"loc":{"start":{"line":223,"column":64},"end":{"line":223,"column":null}},"line":223},"19":{"name":"(anonymous_19)","decl":{"start":{"line":235,"column":14},"end":{"line":235,"column":30}},"loc":{"start":{"line":235,"column":30},"end":{"line":235,"column":null}},"line":235},"20":{"name":"(anonymous_20)","decl":{"start":{"line":281,"column":22},"end":{"line":281,"column":33}},"loc":{"start":{"line":281,"column":39},"end":{"line":281,"column":null}},"line":281},"21":{"name":"(anonymous_21)","decl":{"start":{"line":287,"column":24},"end":{"line":287,"column":39}},"loc":{"start":{"line":287,"column":39},"end":{"line":287,"column":null}},"line":287},"22":{"name":"(anonymous_22)","decl":{"start":{"line":296,"column":20},"end":{"line":296,"column":31}},"loc":{"start":{"line":296,"column":37},"end":{"line":296,"column":null}},"line":296},"23":{"name":"(anonymous_23)","decl":{"start":{"line":299,"column":30},"end":{"line":299,"column":35}},"loc":{"start":{"line":300,"column":22},"end":{"line":300,"column":null}},"line":300},"24":{"name":"(anonymous_24)","decl":{"start":{"line":306,"column":20},"end":{"line":306,"column":31}},"loc":{"start":{"line":306,"column":37},"end":{"line":306,"column":null}},"line":306},"25":{"name":"(anonymous_25)","decl":{"start":{"line":309,"column":33},"end":{"line":309,"column":38}},"loc":{"start":{"line":310,"column":22},"end":{"line":310,"column":null}},"line":310},"26":{"name":"(anonymous_26)","decl":{"start":{"line":324,"column":22},"end":{"line":324,"column":33}},"loc":{"start":{"line":324,"column":39},"end":{"line":324,"column":null}},"line":324},"27":{"name":"(anonymous_27)","decl":{"start":{"line":351,"column":22},"end":{"line":351,"column":null}},"loc":{"start":{"line":352,"column":24},"end":{"line":356,"column":null}},"line":352},"28":{"name":"(anonymous_28)","decl":{"start":{"line":403,"column":30},"end":{"line":403,"column":35}},"loc":{"start":{"line":404,"column":22},"end":{"line":417,"column":null}},"line":404},"29":{"name":"(anonymous_29)","decl":{"start":{"line":425,"column":33},"end":{"line":425,"column":38}},"loc":{"start":{"line":426,"column":22},"end":{"line":429,"column":null}},"line":426},"30":{"name":"(anonymous_30)","decl":{"start":{"line":428,"column":40},"end":{"line":428,"column":48}},"loc":{"start":{"line":428,"column":54},"end":{"line":428,"column":72}},"line":428},"31":{"name":"(anonymous_31)","decl":{"start":{"line":441,"column":18},"end":{"line":441,"column":33}},"loc":{"start":{"line":441,"column":33},"end":{"line":446,"column":null}},"line":441},"32":{"name":"(anonymous_32)","decl":{"start":{"line":453,"column":23},"end":{"line":453,"column":31}},"loc":{"start":{"line":453,"column":37},"end":{"line":453,"column":63}},"line":453},"33":{"name":"(anonymous_33)","decl":{"start":{"line":454,"column":23},"end":{"line":454,"column":28}},"loc":{"start":{"line":455,"column":24},"end":{"line":464,"column":null}},"line":455},"34":{"name":"(anonymous_34)","decl":{"start":{"line":482,"column":37},"end":{"line":482,"column":52}},"loc":{"start":{"line":482,"column":52},"end":{"line":482,"column":null}},"line":482},"35":{"name":"(anonymous_35)","decl":{"start":{"line":496,"column":14},"end":{"line":496,"column":19}},"loc":{"start":{"line":497,"column":14},"end":{"line":500,"column":null}},"line":497},"36":{"name":"(anonymous_36)","decl":{"start":{"line":508,"column":49},"end":{"line":508,"column":64}},"loc":{"start":{"line":508,"column":64},"end":{"line":508,"column":83}},"line":508},"37":{"name":"(anonymous_37)","decl":{"start":{"line":511,"column":47},"end":{"line":511,"column":62}},"loc":{"start":{"line":511,"column":62},"end":{"line":511,"column":86}},"line":511},"38":{"name":"(anonymous_38)","decl":{"start":{"line":518,"column":40},"end":{"line":518,"column":55}},"loc":{"start":{"line":518,"column":55},"end":{"line":518,"column":null}},"line":518},"39":{"name":"(anonymous_39)","decl":{"start":{"line":524,"column":59},"end":{"line":524,"column":74}},"loc":{"start":{"line":524,"column":74},"end":{"line":524,"column":93}},"line":524},"40":{"name":"Stat","decl":{"start":{"line":537,"column":9},"end":{"line":537,"column":14}},"loc":{"start":{"line":537,"column":60},"end":{"line":548,"column":null}},"line":537},"41":{"name":"About","decl":{"start":{"line":550,"column":9},"end":{"line":550,"column":17}},"loc":{"start":{"line":550,"column":17},"end":{"line":611,"column":null}},"line":550},"42":{"name":"(anonymous_42)","decl":{"start":{"line":573,"column":23},"end":{"line":573,"column":28}},"loc":{"start":{"line":574,"column":12},"end":{"line":590,"column":null}},"line":574},"43":{"name":"(anonymous_43)","decl":{"start":{"line":579,"column":23},"end":{"line":579,"column":28}},"loc":{"start":{"line":579,"column":34},"end":{"line":579,"column":38}},"line":579}},"branchMap":{"0":{"loc":{"start":{"line":35,"column":2},"end":{"line":35,"column":null}},"type":"cond-expr","locations":[{"start":{"line":35,"column":50},"end":{"line":35,"column":82}},{"start":{"line":35,"column":82},"end":{"line":35,"column":null}}],"line":35},"1":{"loc":{"start":{"line":72,"column":4},"end":{"line":78,"column":null}},"type":"if","locations":[{"start":{"line":72,"column":4},"end":{"line":78,"column":null}},{"start":{"line":75,"column":11},"end":{"line":78,"column":null}}],"line":72},"2":{"loc":{"start":{"line":97,"column":20},"end":{"line":104,"column":null}},"type":"cond-expr","locations":[{"start":{"line":98,"column":6},"end":{"line":98,"column":null}},{"start":{"line":99,"column":6},"end":{"line":104,"column":null}}],"line":97},"3":{"loc":{"start":{"line":154,"column":37},"end":{"line":154,"column":null}},"type":"cond-expr","locations":[{"start":{"line":154,"column":52},"end":{"line":154,"column":63}},{"start":{"line":154,"column":63},"end":{"line":154,"column":null}}],"line":154},"4":{"loc":{"start":{"line":155,"column":28},"end":{"line":155,"column":null}},"type":"cond-expr","locations":[{"start":{"line":155,"column":43},"end":{"line":155,"column":52}},{"start":{"line":155,"column":52},"end":{"line":155,"column":null}}],"line":155},"5":{"loc":{"start":{"line":159,"column":15},"end":{"line":159,"column":null}},"type":"binary-expr","locations":[{"start":{"line":159,"column":15},"end":{"line":159,"column":38}},{"start":{"line":159,"column":38},"end":{"line":159,"column":null}}],"line":159},"6":{"loc":{"start":{"line":179,"column":15},"end":{"line":187,"column":null}},"type":"cond-expr","locations":[{"start":{"line":180,"column":18},"end":{"line":180,"column":null}},{"start":{"line":181,"column":18},"end":{"line":187,"column":null}}],"line":179},"7":{"loc":{"start":{"line":181,"column":18},"end":{"line":187,"column":null}},"type":"cond-expr","locations":[{"start":{"line":182,"column":20},"end":{"line":182,"column":null}},{"start":{"line":183,"column":20},"end":{"line":187,"column":null}}],"line":181},"8":{"loc":{"start":{"line":183,"column":20},"end":{"line":187,"column":null}},"type":"cond-expr","locations":[{"start":{"line":184,"column":22},"end":{"line":184,"column":null}},{"start":{"line":185,"column":22},"end":{"line":187,"column":null}}],"line":183},"9":{"loc":{"start":{"line":185,"column":22},"end":{"line":187,"column":null}},"type":"cond-expr","locations":[{"start":{"line":186,"column":24},"end":{"line":186,"column":null}},{"start":{"line":187,"column":24},"end":{"line":187,"column":null}}],"line":185},"10":{"loc":{"start":{"line":193,"column":11},"end":{"line":204,"column":null}},"type":"binary-expr","locations":[{"start":{"line":193,"column":11},"end":{"line":193,"column":null}},{"start":{"line":194,"column":12},"end":{"line":204,"column":null}}],"line":193},"11":{"loc":{"start":{"line":211,"column":17},"end":{"line":219,"column":null}},"type":"cond-expr","locations":[{"start":{"line":212,"column":20},"end":{"line":212,"column":null}},{"start":{"line":213,"column":20},"end":{"line":219,"column":null}}],"line":211},"12":{"loc":{"start":{"line":213,"column":20},"end":{"line":219,"column":null}},"type":"cond-expr","locations":[{"start":{"line":214,"column":22},"end":{"line":214,"column":null}},{"start":{"line":215,"column":22},"end":{"line":219,"column":null}}],"line":213},"13":{"loc":{"start":{"line":215,"column":22},"end":{"line":219,"column":null}},"type":"cond-expr","locations":[{"start":{"line":216,"column":24},"end":{"line":216,"column":null}},{"start":{"line":217,"column":24},"end":{"line":219,"column":null}}],"line":215},"14":{"loc":{"start":{"line":217,"column":24},"end":{"line":219,"column":null}},"type":"cond-expr","locations":[{"start":{"line":218,"column":26},"end":{"line":218,"column":null}},{"start":{"line":219,"column":26},"end":{"line":219,"column":null}}],"line":217},"15":{"loc":{"start":{"line":222,"column":13},"end":{"line":228,"column":null}},"type":"binary-expr","locations":[{"start":{"line":222,"column":13},"end":{"line":222,"column":37}},{"start":{"line":222,"column":37},"end":{"line":222,"column":null}},{"start":{"line":223,"column":14},"end":{"line":228,"column":null}}],"line":222},"16":{"loc":{"start":{"line":229,"column":11},"end":{"line":473,"column":null}},"type":"cond-expr","locations":[{"start":{"line":230,"column":12},"end":{"line":236,"column":null}},{"start":{"line":237,"column":14},"end":{"line":473,"column":null}}],"line":229},"17":{"loc":{"start":{"line":229,"column":11},"end":{"line":229,"column":null}},"type":"binary-expr","locations":[{"start":{"line":229,"column":11},"end":{"line":229,"column":22}},{"start":{"line":229,"column":22},"end":{"line":229,"column":null}}],"line":229},"18":{"loc":{"start":{"line":231,"column":19},"end":{"line":231,"column":null}},"type":"binary-expr","locations":[{"start":{"line":231,"column":19},"end":{"line":231,"column":34}},{"start":{"line":231,"column":34},"end":{"line":231,"column":null}}],"line":231},"19":{"loc":{"start":{"line":237,"column":14},"end":{"line":473,"column":null}},"type":"cond-expr","locations":[{"start":{"line":238,"column":12},"end":{"line":369,"column":23}},{"start":{"line":369,"column":14},"end":{"line":473,"column":null}}],"line":237},"20":{"loc":{"start":{"line":283,"column":21},"end":{"line":290,"column":null}},"type":"binary-expr","locations":[{"start":{"line":283,"column":21},"end":{"line":283,"column":null}},{"start":{"line":284,"column":22},"end":{"line":290,"column":null}}],"line":283},"21":{"loc":{"start":{"line":316,"column":39},"end":{"line":316,"column":null}},"type":"cond-expr","locations":[{"start":{"line":316,"column":63},"end":{"line":316,"column":76}},{"start":{"line":316,"column":76},"end":{"line":316,"column":null}}],"line":316},"22":{"loc":{"start":{"line":317,"column":21},"end":{"line":317,"column":null}},"type":"binary-expr","locations":[{"start":{"line":317,"column":21},"end":{"line":317,"column":58}},{"start":{"line":317,"column":58},"end":{"line":317,"column":null}}],"line":317},"23":{"loc":{"start":{"line":333,"column":17},"end":{"line":361,"column":null}},"type":"cond-expr","locations":[{"start":{"line":334,"column":18},"end":{"line":341,"column":19}},{"start":{"line":341,"column":18},"end":{"line":361,"column":null}}],"line":333},"24":{"loc":{"start":{"line":343,"column":25},"end":{"line":343,"column":97}},"type":"cond-expr","locations":[{"start":{"line":343,"column":41},"end":{"line":343,"column":67}},{"start":{"line":343,"column":67},"end":{"line":343,"column":97}}],"line":343},"25":{"loc":{"start":{"line":345,"column":23},"end":{"line":347,"column":null}},"type":"cond-expr","locations":[{"start":{"line":346,"column":26},"end":{"line":346,"column":null}},{"start":{"line":347,"column":26},"end":{"line":347,"column":null}}],"line":345},"26":{"loc":{"start":{"line":352,"column":24},"end":{"line":356,"column":null}},"type":"cond-expr","locations":[{"start":{"line":353,"column":29},"end":{"line":355,"column":null}},{"start":{"line":356,"column":28},"end":{"line":356,"column":null}}],"line":352},"27":{"loc":{"start":{"line":359,"column":23},"end":{"line":359,"column":null}},"type":"cond-expr","locations":[{"start":{"line":359,"column":39},"end":{"line":359,"column":57}},{"start":{"line":359,"column":57},"end":{"line":359,"column":null}}],"line":359},"28":{"loc":{"start":{"line":369,"column":14},"end":{"line":473,"column":null}},"type":"cond-expr","locations":[{"start":{"line":370,"column":12},"end":{"line":473,"column":13}},{"start":{"line":473,"column":12},"end":{"line":473,"column":null}}],"line":369},"29":{"loc":{"start":{"line":413,"column":40},"end":{"line":413,"column":95}},"type":"cond-expr","locations":[{"start":{"line":413,"column":57},"end":{"line":413,"column":93}},{"start":{"line":413,"column":93},"end":{"line":413,"column":95}}],"line":413},"30":{"loc":{"start":{"line":450,"column":17},"end":{"line":468,"column":null}},"type":"cond-expr","locations":[{"start":{"line":451,"column":18},"end":{"line":468,"column":19}},{"start":{"line":468,"column":18},"end":{"line":468,"column":null}}],"line":450},"31":{"loc":{"start":{"line":481,"column":7},"end":{"line":515,"column":null}},"type":"binary-expr","locations":[{"start":{"line":481,"column":7},"end":{"line":481,"column":null}},{"start":{"line":482,"column":8},"end":{"line":515,"column":null}}],"line":481},"32":{"loc":{"start":{"line":492,"column":30},"end":{"line":492,"column":65}},"type":"binary-expr","locations":[{"start":{"line":492,"column":30},"end":{"line":492,"column":53}},{"start":{"line":492,"column":53},"end":{"line":492,"column":65}}],"line":492},"33":{"loc":{"start":{"line":505,"column":16},"end":{"line":505,"column":55}},"type":"binary-expr","locations":[{"start":{"line":505,"column":16},"end":{"line":505,"column":34}},{"start":{"line":505,"column":34},"end":{"line":505,"column":55}}],"line":505},"34":{"loc":{"start":{"line":517,"column":7},"end":{"line":531,"column":null}},"type":"binary-expr","locations":[{"start":{"line":517,"column":7},"end":{"line":517,"column":null}},{"start":{"line":518,"column":8},"end":{"line":531,"column":null}}],"line":517},"35":{"loc":{"start":{"line":537,"column":42},"end":{"line":537,"column":60}},"type":"default-arg","locations":[{"start":{"line":537,"column":51},"end":{"line":537,"column":60}}],"line":537},"36":{"loc":{"start":{"line":539,"column":37},"end":{"line":539,"column":null}},"type":"cond-expr","locations":[{"start":{"line":539,"column":46},"end":{"line":539,"column":62}},{"start":{"line":539,"column":62},"end":{"line":539,"column":null}}],"line":539},"37":{"loc":{"start":{"line":576,"column":17},"end":{"line":582,"column":null}},"type":"cond-expr","locations":[{"start":{"line":577,"column":20},"end":{"line":581,"column":null}},{"start":{"line":582,"column":20},"end":{"line":582,"column":null}}],"line":576},"38":{"loc":{"start":{"line":584,"column":19},"end":{"line":584,"column":65}},"type":"binary-expr","locations":[{"start":{"line":584,"column":19},"end":{"line":584,"column":34}},{"start":{"line":584,"column":34},"end":{"line":584,"column":65}}],"line":584},"39":{"loc":{"start":{"line":586,"column":17},"end":{"line":588,"column":null}},"type":"cond-expr","locations":[{"start":{"line":587,"column":20},"end":{"line":587,"column":null}},{"start":{"line":588,"column":20},"end":{"line":588,"column":null}}],"line":586}},"s":{"0":1,"1":1,"2":31,"3":78,"4":17,"5":204,"6":78,"7":78,"8":78,"9":78,"10":78,"11":78,"12":78,"13":78,"14":78,"15":78,"16":23,"17":78,"18":43,"19":78,"20":17,"21":14,"22":14,"23":14,"24":14,"25":17,"26":17,"27":17,"28":9,"29":9,"30":9,"31":4,"32":1,"33":1,"34":3,"35":3,"36":4,"37":4,"38":4,"39":4,"40":2,"41":2,"42":2,"43":4,"44":4,"45":4,"46":78,"47":78,"48":1,"49":1,"50":0,"51":312,"52":5,"53":5,"54":0,"55":4,"56":1,"57":16,"58":0,"59":1,"60":232,"61":1,"62":348,"63":1,"64":1,"65":16,"66":24,"67":300,"68":0,"69":0,"70":0,"71":0,"72":50,"73":8,"74":1,"75":14,"76":0,"77":1,"78":0,"79":1,"80":216,"81":2,"82":4,"83":12},"f":{"0":31,"1":78,"2":17,"3":204,"4":23,"5":43,"6":17,"7":14,"8":17,"9":9,"10":4,"11":2,"12":4,"13":1,"14":0,"15":312,"16":5,"17":0,"18":4,"19":1,"20":16,"21":0,"22":1,"23":232,"24":1,"25":348,"26":1,"27":1,"28":16,"29":24,"30":300,"31":0,"32":50,"33":8,"34":1,"35":14,"36":0,"37":1,"38":0,"39":1,"40":216,"41":2,"42":4,"43":12},"b":{"0":[14,17],"1":[1,3],"2":[4,74],"3":[78,234],"4":[78,234],"5":[312,78],"6":[4,74],"7":[58,16],"8":[8,8],"9":[4,4],"10":[78,14],"11":[4,74],"12":[58,16],"13":[4,12],"14":[8,4],"15":[78,62,58],"16":[12,66],"17":[78,74],"18":[12,8],"19":[58,8],"20":[58,18],"21":[0,58],"22":[58,17],"23":[50,8],"24":[8,0],"25":[8,0],"26":[1,0],"27":[8,0],"28":[4,4],"29":[16,0],"30":[4,0],"31":[78,2],"32":[2,0],"33":[2,0],"34":[78,3],"35":[216],"36":[54,162],"37":[4,0],"38":[4,0],"39":[4,0]},"meta":{"lastBranch":40,"lastFunction":44,"lastStatement":84,"seen":{"s:33:14:33:Infinity":0,"s:34:6:35:Infinity":1,"f:34:6:34:Infinity":0,"s:35:2:35:Infinity":2,"b:35:50:35:82:35:82:35:Infinity":0,"f:37:24:37:30":1,"s:38:30:38:Infinity":3,"f:38:30:38:45":2,"s:38:45:38:86":4,"f:38:56:38:61":3,"s:38:72:38:85":5,"s:39:26:39:Infinity":6,"s:40:28:40:Infinity":7,"s:41:30:41:Infinity":8,"s:42:38:42:Infinity":9,"s:43:26:43:Infinity":10,"s:44:32:44:Infinity":11,"s:45:34:45:Infinity":12,"s:46:34:46:Infinity":13,"s:47:30:47:Infinity":14,"s:48:18:48:Infinity":15,"f:48:18:48:32":4,"s:48:32:48:52":16,"s:49:19:52:Infinity":17,"f:49:19:49:Infinity":5,"s:50:10:50:Infinity":18,"s:54:2:63:Infinity":19,"f:54:2:54:18":6,"s:55:10:60:Infinity":20,"f:55:10:55:29":7,"s:56:6:56:Infinity":21,"s:57:6:57:Infinity":22,"s:58:6:58:Infinity":23,"s:59:6:59:Infinity":24,"s:61:4:61:Infinity":25,"s:62:4:62:Infinity":26,"f:62:4:62:17":8,"s:62:17:62:Infinity":27,"f:65:11:65:20":9,"s:66:4:66:Infinity":28,"s:67:4:67:Infinity":29,"s:68:4:68:Infinity":30,"f:71:11:71:24":10,"b:72:4:78:Infinity:75:11:78:Infinity":1,"s:72:4:78:Infinity":31,"s:73:6:73:Infinity":32,"s:74:6:74:Infinity":33,"s:76:6:76:Infinity":34,"s:77:6:77:Infinity":35,"s:79:4:79:Infinity":36,"s:80:4:80:Infinity":37,"s:81:4:81:Infinity":38,"s:82:4:82:Infinity":39,"f:85:11:85:27":11,"s:86:4:86:Infinity":40,"s:87:4:87:Infinity":41,"s:88:4:88:Infinity":42,"f:91:11:91:24":12,"s:92:4:92:Infinity":43,"s:93:4:93:Infinity":44,"s:94:4:94:Infinity":45,"s:97:20:104:Infinity":46,"b:98:6:98:Infinity:99:6:104:Infinity":2,"s:106:2:533:Infinity":47,"f:111:8:111:18":13,"s:112:10:112:Infinity":48,"s:113:10:113:Infinity":49,"f:122:10:122:25":14,"s:122:25:122:Infinity":50,"f:146:12:146:17":15,"s:147:12:160:Infinity":51,"f:150:14:150:29":16,"s:151:16:151:Infinity":52,"s:152:16:152:Infinity":53,"b:154:52:154:63:154:63:154:Infinity":3,"b:155:43:155:52:155:52:155:Infinity":4,"b:159:15:159:38:159:38:159:Infinity":5,"b:180:18:180:Infinity:181:18:187:Infinity":6,"b:182:20:182:Infinity:183:20:187:Infinity":7,"b:184:22:184:Infinity:185:22:187:Infinity":8,"b:186:24:186:Infinity:187:24:187:Infinity":9,"b:193:11:193:Infinity:194:12:204:Infinity":10,"f:199:16:199:31":17,"s:199:31:199:Infinity":54,"b:212:20:212:Infinity:213:20:219:Infinity":11,"b:214:22:214:Infinity:215:22:219:Infinity":12,"b:216:24:216:Infinity:217:24:219:Infinity":13,"b:218:26:218:Infinity:219:26:219:Infinity":14,"b:222:13:222:37:222:37:222:Infinity:223:14:228:Infinity":15,"f:223:49:223:64":18,"s:223:64:223:Infinity":55,"b:230:12:236:Infinity:237:14:473:Infinity":16,"b:229:11:229:22:229:22:229:Infinity":17,"f:235:14:235:30":19,"s:235:30:235:Infinity":56,"b:231:19:231:34:231:34:231:Infinity":18,"b:238:12:369:23:369:14:473:Infinity":19,"f:281:22:281:33":20,"s:281:39:281:Infinity":57,"b:283:21:283:Infinity:284:22:290:Infinity":20,"f:287:24:287:39":21,"s:287:39:287:Infinity":58,"f:296:20:296:31":22,"s:296:37:296:Infinity":59,"f:299:30:299:35":23,"s:300:22:300:Infinity":60,"f:306:20:306:31":24,"s:306:37:306:Infinity":61,"f:309:33:309:38":25,"s:310:22:310:Infinity":62,"b:316:63:316:76:316:76:316:Infinity":21,"b:317:21:317:58:317:58:317:Infinity":22,"f:324:22:324:33":26,"s:324:39:324:Infinity":63,"b:334:18:341:19:341:18:361:Infinity":23,"b:343:41:343:67:343:67:343:97":24,"b:346:26:346:Infinity:347:26:347:Infinity":25,"f:351:22:351:Infinity":27,"s:352:24:356:Infinity":64,"b:353:29:355:Infinity:356:28:356:Infinity":26,"b:359:39:359:57:359:57:359:Infinity":27,"b:370:12:473:13:473:12:473:Infinity":28,"f:403:30:403:35":28,"s:404:22:417:Infinity":65,"b:413:57:413:93:413:93:413:95":29,"f:425:33:425:38":29,"s:426:22:429:Infinity":66,"f:428:40:428:48":30,"s:428:54:428:72":67,"f:441:18:441:33":31,"s:442:20:442:Infinity":68,"s:443:20:443:Infinity":69,"s:444:20:444:Infinity":70,"s:445:20:445:Infinity":71,"b:451:18:468:19:468:18:468:Infinity":30,"f:453:23:453:31":32,"s:453:37:453:63":72,"f:454:23:454:28":33,"s:455:24:464:Infinity":73,"b:481:7:481:Infinity:482:8:515:Infinity":31,"f:482:37:482:52":34,"s:482:52:482:Infinity":74,"b:492:30:492:53:492:53:492:65":32,"f:496:14:496:19":35,"s:497:14:500:Infinity":75,"b:505:16:505:34:505:34:505:55":33,"f:508:49:508:64":36,"s:508:64:508:83":76,"f:511:47:511:62":37,"s:511:62:511:86":77,"b:517:7:517:Infinity:518:8:531:Infinity":34,"f:518:40:518:55":38,"s:518:55:518:Infinity":78,"f:524:59:524:74":39,"s:524:74:524:93":79,"f:537:9:537:14":40,"b:537:51:537:60":35,"s:538:2:546:Infinity":80,"b:539:46:539:62:539:62:539:Infinity":36,"f:550:9:550:17":41,"s:551:2:609:Infinity":81,"f:573:23:573:28":42,"s:574:12:590:Infinity":82,"b:577:20:581:Infinity:582:20:582:Infinity":37,"f:579:23:579:28":43,"s:579:34:579:38":83,"b:584:19:584:34:584:34:584:65":38,"b:587:20:587:Infinity:588:20:588:Infinity":39},"fnNames":{}}}}}